
4c4
< BASH_ARGC=()
---
> BASH_ARGC=([0]="0")
13a14,23
> COLOR_CYAN='\e[96m'
> COLOR_CYAN_BOLD='\e[1;96m'
> COLOR_END='\e[0m'
> COLOR_GREEN='\e[92m'
> COLOR_GREEN_BACKGROUND='\e[102;97m'
> COLOR_MAGENTA_BOLD='\e[1;95m'
> COLOR_RED='\e[101;31m'
> COLUMNS=103
> COMPILE_OBJECT_LIST=tmp/prod_obj.txt
> COMPILE_SCRIPT=tmp/compile.sh
15a26,31
> DEPLOYMENT_AUTH_TOKEN=6d54f9982f343876cf320c07291dcc0b9310e24f8a286a8fd165bb0cf9013320
> DEPLOYMENT_UAT_MAIN_BRANCH=main
> DEPLOYMENT_UAT_PATH=/home/PROUZAT1/ibm-i-build-test
> DEPLOYMENT_UAT_REMOTE_HOST=academy-test
> DEPLOYMENT_UAT_URL=http://academy:2005
> DEPLOYMENT_UAT_WORKFLOW=academy_test_build
20a37
> ERROR_OUTPUT=tmp/logs/error.log
28a46
> GIT_CACHE_META_FILE=build/.git_cache_meta
47a66
> LINES=17
59a79
> OS_CMD_2_OPEN_URL=xdg-open
66a87,92
> REMOTE_ERROR_OUTPUT=logs/error.log
> REMOTE_HOST=academy-test
> REMOTE_WORKSPACE_FOLDER_NAME='~/ibm-i-build'
> RUN_BUILD_LOG=/home/andreas/projekte/opensource/ibm-i-build/tmp/logs/run_build.log
> SCRIPT=cleanup.sh
> SCRIPT_PATH=/home/andreas/projekte/opensource/ibm-i-build/make/scripts
73a100,103
> STD_OUTPUT=tmp/logs/output.log
> STD_OUTPUT_TMP=/tmp/build-output.log
> SYNC2REMOTE_LOG=/home/andreas/projekte/opensource/ibm-i-build/tmp/logs/sync2ibmi.log
> SYNC_BACK_LOG=/home/andreas/projekte/opensource/ibm-i-build/tmp/logs/sync_back.log
74a105
> TEMP_DIR=/tmp
85a117,118
> WORKSPACE_FOLDER=/home/andreas/projekte/opensource/ibm-i-build
> WORKSPACE_FOLDER_NAME=ibm-i-build
