sending incremental file list
./
Jenkinsfile
LICENSE
README.md
makefile
source-list.md
deleting build/objects.txt
deleting build/compile.sh
deleting logs/prouzalib2/test1.rpgle.pgm.splf.log
deleting logs/prouzalib2/test1.rpgle.pgm.joblog.log
deleting logs/prouzalib2/test1.rpgle.pgm.error.log
deleting logs/prouzalib2/
deleting logs/prouzalib/§test.rpgle.pgm.splf.log
deleting logs/prouzalib/§test.rpgle.pgm.joblog.log
deleting logs/prouzalib/§test.rpgle.pgm.error.log
deleting logs/prouzalib/logger.sqltable.file.splf.log
deleting logs/prouzalib/logger.sqltable.file.joblog.log
deleting logs/prouzalib/logger.sqltable.file.error.log
build/
build/.git_cache_meta
build/prouzalib/
build/prouzalib/#test.rpgle.pgm
build/prouzalib/#test2.rpgle.pgm
build/prouzalib/$test.rpgle.pgm
build/prouzalib/$t§§x#y.rpgle.pgm
build/prouzalib/cpysrc2ifs.sqlrpgle.pgm
build/prouzalib/date.sqlrpgle.srvpgm
build/prouzalib/errhdlrpg.rpgle.srvpgm
build/prouzalib/errhdlsql.sqlrpgle.srvpgm
build/prouzalib/file1.pf.file
build/prouzalib/logger.sqlrpgle.srvpgm
build/prouzalib/logger.sqltable.file
build/prouzalib/logger_hist.sqltable.file
build/prouzalib/prouzadir.bnddir
build/prouzalib/test.rpgle.pgm
build/prouzalib/testcl.clle.pgm
build/prouzalib/testlog.rpgle.pgm
build/prouzalib/testlog2.sqlrpgle.pgm
build/prouzalib/testmod.rpgle.srvpgm
build/prouzalib/testsqlerr.sqlrpgle.pgm
build/prouzalib/§test.rpgle.pgm
build/prouzalib2/
build/prouzalib2/sqlsrv1.sqlproc.pgm
build/prouzalib2/sqlsrv1.sqlrpgle.srvpgm
build/prouzalib2/sqltest1.sqlproc.pgm
build/prouzalib2/sqltest1.sqlrpgle.pgm
build/prouzalib2/sqltest2.sqlproc.pgm
build/prouzalib2/sqltest2.sqlrpgle.pgm
build/prouzalib2/sqltest3.rpgle.srvpgm
build/prouzalib2/test.rpgle.pgm
build/prouzalib2/test1.rpgle.pgm
docs/
docs/assets/
docs/assets/build-cmd.png
docs/assets/compile-logs.jpg
docs/assets/git-commit.jpg
docs/assets/git-compare.jpg
docs/assets/install-ubuntu.png
docs/assets/logs.png
docs/assets/rdi-actions.png
docs/assets/run-command-2.jpg
docs/assets/run-command.png
docs/assets/source-list.png
docs/assets/vscode-actions.png
docs/assets/vscode-show-change-obj.png
docs/assets/windows-features.png
docs/pages/
docs/pages/SSH.md
docs/pages/faq.md
docs/pages/git.md
docs/pages/gnu_make.md
docs/pages/integration_in_your_ide.md
docs/pages/overview.md
docs/pages/quick_start.md
logs/
logs/prouzalib/
make/
make/.makeprofile.mk
make/compile_rules.mk
make/env.mk
make/global.cfg
make/object_list.mk
make/scripts/
make/scripts/cleanup.sh
make/scripts/create_build_script.sh
make/scripts/create_deployment.sh
make/scripts/git-cache-meta.sh
make/scripts/init.sh
make/scripts/reset.sh
make/scripts/run_build.sh
make/scripts/sync2ibmi.sh
make/scripts/sync_back_from_ibmi.sh
make/scripts/test.sh
prouzalib/
prouzalib/qcllesrc/
prouzalib/qcllesrc/testcl.clle
prouzalib/qcpysrc/
prouzalib/qcpysrc/date.rpgle
prouzalib/qcpysrc/errhdlrpg.rpgle
prouzalib/qcpysrc/errhdlsql.rpgle
prouzalib/qcpysrc/logger.rpgle
prouzalib/qcpysrc/std.rpgle
prouzalib/qcpysrc/testmod.rpgle
prouzalib/qddssrc/
prouzalib/qddssrc/file1.pf
prouzalib/qrpglesrc/
prouzalib/qrpglesrc/#test.rpgle
prouzalib/qrpglesrc/#test2.rpgle
prouzalib/qrpglesrc/$test.rpgle
prouzalib/qrpglesrc/$t§§x#y.rpgle
prouzalib/qrpglesrc/cpysrc2ifs.sqlrpgle
prouzalib/qrpglesrc/date.sqlrpgle
prouzalib/qrpglesrc/errhdlrpg.rpgle
prouzalib/qrpglesrc/errhdlsql.sqlrpgle
prouzalib/qrpglesrc/logger.sqlrpgle
prouzalib/qrpglesrc/test.rpgle
prouzalib/qrpglesrc/testlog.rpgle
prouzalib/qrpglesrc/testlog2.sqlrpgle
prouzalib/qrpglesrc/testmod.rpgle
prouzalib/qrpglesrc/testsqlerr.sqlrpgle
prouzalib/qrpglesrc/§test.rpgle
prouzalib/qsqlsrc/
prouzalib/qsqlsrc/logger.sqltable
prouzalib/qsqlsrc/logger_hist.sqltable
prouzalib/qsqlsrc/loggertest.sql
prouzalib2/
prouzalib2/qcpysrc/
prouzalib2/qcpysrc/sqlsrv1.rpgle
prouzalib2/qrpglesrc/
prouzalib2/qrpglesrc/sqlsrv1.sqlrpgle
prouzalib2/qrpglesrc/sqltest1.sqlrpgle
prouzalib2/qrpglesrc/sqltest2.sqlrpgle
prouzalib2/qrpglesrc/sqltest3.rpgle
prouzalib2/qrpglesrc/test.rpgle
prouzalib2/qrpglesrc/test1.rpgle
prouzalib2/qsqlsrc/
prouzalib2/qsqlsrc/sqlsrv1.sqlproc
prouzalib2/qsqlsrc/sqltest1.sqlproc
prouzalib2/qsqlsrc/sqltest2.sqlproc
prouzalib2/qsqlsrc/testcall.sqlproc
tmp/
tmp/compile.sh
tmp/logs/
tmp/logs/error.log

sent 27.611 bytes  received 10.926 bytes  11.010,57 bytes/sec
total size is 899.109  speedup is 23,33
