Command is > DSPJOBLOG <
CPD000D: Befehl *LIBL/DSPJOBLOG nicht sicher für Job mit mehreren Threads.
 5770SS1 V7R5M0 220415                        Jobprotokoll anzeigen                SPGV74    01/10/23  06:36:50 CEST    Seite    1
  Jobname  . . . . . . . . . . :   QP0ZSPWP        Benutzer  . . . . :   QSECOFR      Nummer . . . . . . . . . . . :   457890
  Jobbeschreibung  . . . . . . :   QDFTSVR         Bibliothek  . . . :   QGPL
NACHR-ID   ART                     BEW  DATUM     ZEIT             VON PGM      BIBLIOTHEK  INST     AN PGM      BIBLIOTHEK  INST
CPC2196    Beendigung              00   01/10/23  06:36:50.405412  QLICUSRL     QSYS        0114     QP2USER2    QSYS        *STMT
                                     Von Benutzer  . . . . . . . :   PROUZAT1
                                     Zielmodul . . . . . . . . . :   QP2API
                                     Zielprozedur  . . . . . . . :   runpase_common__FiPvT2
                                     Anweisung . . . . . . . . . :   4
                                     Nachricht . . . :   Bibliothek PROUZAT1 der Bibliotheksliste hinzugefügt.
                                     Ursache  . . . . :  Wenn der Befehl ADDLIBLE benutzt wurde, wurde PROUZAT1 der
                                       Benutzerbibliotheksliste hinzugefügt. Wenn der Befehl CHGSYSLIBL benutzt
                                       wurde, wurde PROUZAT1 dem Systemteil der Bibliotheksliste hinzugefügt.
CPD000D    Information             30   01/10/23  06:36:50.411927  QCATRS       QSYS        045F     QP2USER2    QSYS        *STMT
                                     Von Benutzer  . . . . . . . :   PROUZAT1
                                     Zielmodul . . . . . . . . . :   QP2API
                                     Zielprozedur  . . . . . . . :   runpase_common__FiPvT2
                                     Anweisung . . . . . . . . . :   4
                                     Nachricht . . . :   Befehl QSYS/CRTSQLRPGI nicht sicher für Job mit mehreren
                                       Threads.
                                     Ursache  . . . . :  Der aktuelle Job enthält mehrere Threads. Der Befehl
                                       QSYS/CRTSQLRPGI kann nicht sicher in einem Job mit mehreren Threads
                                       ausgeführt werden. Aktion 2 wird ausgeführt. Aktionen: 2 -- Die Verarbeitung
                                       des Befehls wird fortgesetzt. 3 -- Diese Nachricht folgt auf
                                       Abbruchnachricht CPF0001. Die Befehlsverarbeitung wird beendet.
                                       Fehlerbeseitigung:  Der Befehl darf nicht in einem Job mit mehreren Threads
                                       ausgeführt werden. Technische Beschreibung . . . . . . . :  Befehle, die für
                                       Threads nicht sicher ausgeführt werden können, sollten nicht in einem Job
                                       mit mehreren Threads benutzt werden. Mit dem Befehl DSPCMD (Befehl anzeigen)
                                       feststellen, ob ein Befehl sicher für Threads ausgeführt werden kann und
                                       welche Aktion vom Befehlsanalyseprogramm ausgeführt wird, wenn der Befehl
                                       für Threads nicht sicher ist. Wurde für die auszuführende Aktion *SYSVAL
                                       angegeben, wird die vom Befehlsanalyseprogramm durchzuführende Aktion anhand
                                       des Systemwerts QMLTTHDACN festgelegt.
CPD000D    Information             30   01/10/23  06:36:50.412900  QCATRS       QSYS        045F     QSQPRUN     QSQL        07A7
                                     Von Benutzer  . . . . . . . :   PROUZAT1
                                     Nachricht . . . :   Befehl QSYS/CRTRPGMOD nicht sicher für Job mit mehreren
                                       Threads.
                                     Ursache  . . . . :  Der aktuelle Job enthält mehrere Threads. Der Befehl
                                       QSYS/CRTRPGMOD kann nicht sicher in einem Job mit mehreren Threads
                                       ausgeführt werden. Aktion 2 wird ausgeführt. Aktionen: 2 -- Die Verarbeitung
                                       des Befehls wird fortgesetzt. 3 -- Diese Nachricht folgt auf
                                       Abbruchnachricht CPF0001. Die Befehlsverarbeitung wird beendet.
                                       Fehlerbeseitigung:  Der Befehl darf nicht in einem Job mit mehreren Threads
                                       ausgeführt werden. Technische Beschreibung . . . . . . . :  Befehle, die für
                                       Threads nicht sicher ausgeführt werden können, sollten nicht in einem Job
                                       mit mehreren Threads benutzt werden. Mit dem Befehl DSPCMD (Befehl anzeigen)
                                       feststellen, ob ein Befehl sicher für Threads ausgeführt werden kann und
                                       welche Aktion vom Befehlsanalyseprogramm ausgeführt wird, wenn der Befehl
                                       für Threads nicht sicher ist. Wurde für die auszuführende Aktion *SYSVAL
                                       angegeben, wird die vom Befehlsanalyseprogramm durchzuführende Aktion anhand
                                       des Systemwerts QMLTTHDACN festgelegt.
CPD4090    Diagnose                10   01/10/23  06:36:50.418320  QDMCOPEN     QSYS        17CC     QC2IO       QSYS        *STMT
                                     Von Benutzer  . . . . . . . :   PROUZAT1
                                     Zielmodul . . . . . . . . . :   QC2CRIC1
                                     Zielprozedur  . . . . . . . :   _C_Open file
                                     Anweisung . . . . . . . . . :   15
                                     Nachricht . . . :   Drucker PRT01 nicht gefunden. Ausgabewarteschlange in
                                       QPRINT in Bibliothek QGPL geändert.
                                     Ursache  . . . . :  Der Drucker PRT01 wurde nicht gefunden. Die
                                       Ausgabewarteschlange wurde für die Spool-Druckerdatei QSYSPRT in der
                                       Bibliothek QSYS2929 geändert. Fehlerbeseitigung:  Vor Wiederholung des
 5770SS1 V7R5M0 220415                        Jobprotokoll anzeigen                SPGV74    01/10/23  06:36:50 CEST    Seite    2
  Jobname  . . . . . . . . . . :   QP0ZSPWP        Benutzer  . . . . :   QSECOFR      Nummer . . . . . . . . . . . :   457890
  Jobbeschreibung  . . . . . . :   QDFTSVR         Bibliothek  . . . :   QGPL
NACHR-ID   ART                     BEW  DATUM     ZEIT             VON PGM      BIBLIOTHEK  INST     AN PGM      BIBLIOTHEK  INST
                                       Programmlaufes einen der folgenden Schritte durchführen: - Druckernamen für
                                       die Spool-Druckerdatei QSYSPRT in der Bibliothek QSYS2929 mit dem Befehl
                                       CHGPRTF ändern oder mit dem Befehl OVRPRTF überschreiben. - Konfiguration
                                       für den Drucker hinzufügen oder erstellen (Befehl CRTDEVPRT).
CPC7301    Beendigung              00   01/10/23  06:36:50.426910  QDDCPF       QSYS        054C     QRN4CPP     QDEVTOOLS   *STMT
                                     Von Benutzer  . . . . . . . :   PROUZAT1
                                     Zielmodul . . . . . . . . . :   GRP4SYSP
                                     Zielprozedur  . . . . . . . :   doSystemCommand
                                     Anweisung . . . . . . . . . :   3
                                     Nachricht . . . :   Datei QSQLPRE in Bibliothek QTEMP erstellt.
CPC7305    Beendigung              00   01/10/23  06:36:50.432313  QDDCPFM      QSYS        005B     QRN4CPP     QDEVTOOLS   *STMT
                                     Von Benutzer  . . . . . . . :   PROUZAT1
                                     Zielmodul . . . . . . . . . :   GRP4SYSP
                                     Zielprozedur  . . . . . . . :   doSystemCommand
                                     Anweisung . . . . . . . . . :   3
                                     Nachricht . . . :   Teildatei CPYSRC2IFS zu Datei QSQLPRE in QTEMP
                                       hinzugefügt.
CPD000D    Information             30   01/10/23  06:36:50.432499  QCATRS       QSYS        045F     QRN4CPP     QDEVTOOLS   *STMT
                                     Von Benutzer  . . . . . . . :   PROUZAT1
                                     Zielmodul . . . . . . . . . :   GRP4SYSP
                                     Zielprozedur  . . . . . . . :   doSystemCommand
                                     Anweisung . . . . . . . . . :   3
                                     Nachricht . . . :   Befehl *LIBL/CHGPFM nicht sicher für Job mit mehreren
                                       Threads.
                                     Ursache  . . . . :  Der aktuelle Job enthält mehrere Threads. Der Befehl
                                       *LIBL/CHGPFM kann nicht sicher in einem Job mit mehreren Threads ausgeführt
                                       werden. Aktion 2 wird ausgeführt. Aktionen: 2 -- Die Verarbeitung des
                                       Befehls wird fortgesetzt. 3 -- Diese Nachricht folgt auf Abbruchnachricht
                                       CPF0001. Die Befehlsverarbeitung wird beendet. Fehlerbeseitigung:  Der
                                       Befehl darf nicht in einem Job mit mehreren Threads ausgeführt werden.
                                       Technische Beschreibung . . . . . . . :  Befehle, die für Threads nicht
                                       sicher ausgeführt werden können, sollten nicht in einem Job mit mehreren
                                       Threads benutzt werden. Mit dem Befehl DSPCMD (Befehl anzeigen) feststellen,
                                       ob ein Befehl sicher für Threads ausgeführt werden kann und welche Aktion
                                       vom Befehlsanalyseprogramm ausgeführt wird, wenn der Befehl für Threads
                                       nicht sicher ist. Wurde für die auszuführende Aktion *SYSVAL angegeben, wird
                                       die vom Befehlsanalyseprogramm durchzuführende Aktion anhand des Systemwerts
                                       QMLTTHDACN festgelegt.
CPC3201    Beendigung              00   01/10/23  06:36:50.434236  QDBCHGME     QSYS        06A1     QRN4CPP     QDEVTOOLS   *STMT
                                     Von Benutzer  . . . . . . . :   PROUZAT1
                                     Zielmodul . . . . . . . . . :   GRP4SYSP
                                     Zielprozedur  . . . . . . . :   doSystemCommand
                                     Anweisung . . . . . . . . . :   3
                                     Nachricht . . . :   Teildatei CPYSRC2IFS in Datei QSQLPRE in QTEMP geändert.
RNS9307    Beendigung              00   01/10/23  06:36:50.464836  QRN4CPP      QDEVTOOLS   *STMT    QSQPRUN     QSQL        07A7
                                     Von Benutzer  . . . . . . . :   PROUZAT1
                                     Ausgangsmodul . . . . . . . :   GRP4CPP
                                     Ausgangsprozedur  . . . . . :   cleanup
                                     Anweisung . . . . . . . . . :   19
                                     Nachricht . . . :   Diagnoseprüfung der Quelle ist beendet. Höchste
                                       Bewertungsstufe ist 00.
                                     Ursache  . . . . : Die Diagnoseprüfung der angegebenen Quellenteildatei ist
                                       beendet. Die höchste ausgegebene Nachrichtenbewertungsstufe ist 00.
                                       Fehlerbeseitigung: Keine.
CPC0904    Beendigung              00   01/10/23  06:36:50.468453  QWCCCRVC     QSYS        0095     QRN4CPP     QDEVTOOLS   *STMT
                                     Von Benutzer  . . . . . . . :   PROUZAT1
                                     Zielmodul . . . . . . . . . :   GRP4CPP
                                     Zielprozedur  . . . . . . . :   update_dtaara
 5770SS1 V7R5M0 220415                        Jobprotokoll anzeigen                SPGV74    01/10/23  06:36:50 CEST    Seite    3
  Jobname  . . . . . . . . . . :   QP0ZSPWP        Benutzer  . . . . :   QSECOFR      Nummer . . . . . . . . . . . :   457890
  Jobbeschreibung  . . . . . . :   QDFTSVR         Bibliothek  . . . :   QGPL
NACHR-ID   ART                     BEW  DATUM     ZEIT             VON PGM      BIBLIOTHEK  INST     AN PGM      BIBLIOTHEK  INST
                                     Anweisung . . . . . . . . . :   8
                                     Nachricht . . . :   Datenbereich RETURNCODE in Bibliothek QTEMP erstellt.
CPC7301    Beendigung              00   01/10/23  06:36:50.480027  QDDCPF       QSYS        054C     QSQPMAIN    QSYS        *STMT
                                     Von Benutzer  . . . . . . . :   PROUZAT1
                                     Zielmodul . . . . . . . . . :   QSQPMAIN
                                     Zielprozedur  . . . . . . . :   CRTFILE
                                     Anweisung . . . . . . . . . :   15206
                                     Nachricht . . . :   Datei QSQLTEMP1 in Bibliothek QTEMP erstellt.
CPC7305    Beendigung              00   01/10/23  06:36:50.483444  QDDCPFM      QSYS        005B     QSQPMAIN    QSYS        *STMT
                                     Von Benutzer  . . . . . . . :   PROUZAT1
                                     Zielmodul . . . . . . . . . :   QSQPMAIN
                                     Zielprozedur  . . . . . . . :   CRTFILE
                                     Anweisung . . . . . . . . . :   15206
                                     Nachricht . . . :   Teildatei CPYSRC2IFS zu Datei QSQLTEMP1 in QTEMP
                                       hinzugefügt.
CPD000D    Information             30   01/10/23  06:36:50.524650  QCATRS       QSYS        045F     QP2USER2    QSYS        *STMT
                                     Von Benutzer  . . . . . . . :   PROUZAT1
                                     Zielmodul . . . . . . . . . :   QP2API
                                     Zielprozedur  . . . . . . . :   runpase_common__FiPvT2
                                     Anweisung . . . . . . . . . :   4
                                     Nachricht . . . :   Befehl QSYS/CRTRPGMOD nicht sicher für Job mit mehreren
                                       Threads.
                                     Ursache  . . . . :  Der aktuelle Job enthält mehrere Threads. Der Befehl
                                       QSYS/CRTRPGMOD kann nicht sicher in einem Job mit mehreren Threads
                                       ausgeführt werden. Aktion 2 wird ausgeführt. Aktionen: 2 -- Die Verarbeitung
                                       des Befehls wird fortgesetzt. 3 -- Diese Nachricht folgt auf
                                       Abbruchnachricht CPF0001. Die Befehlsverarbeitung wird beendet.
                                       Fehlerbeseitigung:  Der Befehl darf nicht in einem Job mit mehreren Threads
                                       ausgeführt werden. Technische Beschreibung . . . . . . . :  Befehle, die für
                                       Threads nicht sicher ausgeführt werden können, sollten nicht in einem Job
                                       mit mehreren Threads benutzt werden. Mit dem Befehl DSPCMD (Befehl anzeigen)
                                       feststellen, ob ein Befehl sicher für Threads ausgeführt werden kann und
                                       welche Aktion vom Befehlsanalyseprogramm ausgeführt wird, wenn der Befehl
                                       für Threads nicht sicher ist. Wurde für die auszuführende Aktion *SYSVAL
                                       angegeben, wird die vom Befehlsanalyseprogramm durchzuführende Aktion anhand
                                       des Systemwerts QMLTTHDACN festgelegt.
CPD4090    Diagnose                10   01/10/23  06:36:50.555579  QDMCOPEN     QSYS        17CC     QC2IO       QSYS        *STMT
                                     Von Benutzer  . . . . . . . :   PROUZAT1
                                     Zielmodul . . . . . . . . . :   QC2CRIC1
                                     Zielprozedur  . . . . . . . :   _C_Open file
                                     Anweisung . . . . . . . . . :   15
                                     Nachricht . . . :   Drucker PRT01 nicht gefunden. Ausgabewarteschlange in
                                       QPRINT in Bibliothek QGPL geändert.
                                     Ursache  . . . . :  Der Drucker PRT01 wurde nicht gefunden. Die
                                       Ausgabewarteschlange wurde für die Spool-Druckerdatei QSYSPRT in der
                                       Bibliothek QSYS2929 geändert. Fehlerbeseitigung:  Vor Wiederholung des
                                       Programmlaufes einen der folgenden Schritte durchführen: - Druckernamen für
                                       die Spool-Druckerdatei QSYSPRT in der Bibliothek QSYS2929 mit dem Befehl
                                       CHGPRTF ändern oder mit dem Befehl OVRPRTF überschreiben. - Konfiguration
                                       für den Drucker hinzufügen oder erstellen (Befehl CRTDEVPRT).
CPI2126    Information             00   01/10/23  06:36:50.658765  QLIINSRT     QSYS        0A1D     QBNINSOB    QSYS        024C
                                     Von Benutzer  . . . . . . . :   PROUZAT1
                                     Nachricht . . . :   Parameter AUT wurde ignoriert.
                                     Ursache  . . . . :  Der Parameterwert AUT wurde ignoriert, da REPLACE(*YES)
                                       angegeben wurde. Daher wurde das vorhandene Objekt als Berechtigungsquelle
                                       verwendet. Alle privaten und öffentlichen Berechtigungen wurden aus dem
                                       vorhandenen Objekt in das neue Objekt CPYSRC2IFS Art *MODULE in Bibliothek
                                       PROUZAT1 kopiert. Fehlerbeseitigung:  Die Objektberechtigung anzeigen
 5770SS1 V7R5M0 220415                        Jobprotokoll anzeigen                SPGV74    01/10/23  06:36:50 CEST    Seite    4
  Jobname  . . . . . . . . . . :   QP0ZSPWP        Benutzer  . . . . :   QSECOFR      Nummer . . . . . . . . . . . :   457890
  Jobbeschreibung  . . . . . . :   QDFTSVR         Bibliothek  . . . :   QGPL
NACHR-ID   ART                     BEW  DATUM     ZEIT             VON PGM      BIBLIOTHEK  INST     AN PGM      BIBLIOTHEK  INST
                                       (Befehl DSPOBJAUT), um festzustellen, ob die Berechtigung für Objekt
                                       CPYSRC2IFS Art *MODULE in Bibliothek PROUZAT1 geändert werden muss.
                                       Gegebenenfalls die Objektberechtigung erteilen (Befehl GRTOBJAUT) oder die
                                       Objektberechtigung widerrufen (Befehl RVKOBJAUT), um die Berechtigung für
                                       Objekt CPYSRC2IFS Art *MODULE in Bibliothek PROUZAT1 zu ändern.
CPI2121    Information             00   01/10/23  06:36:50.660477  QLIREINS     QSYS        02DD     QLIINSRT    QSYS        0789
                                     Von Benutzer  . . . . . . . :   PROUZAT1
                                     Nachricht . . . :   Ersetztes Objekt CPYSRC2IFS Art *MODULE wurde in QRPLOBJ
                                       übertragen.
                                     Ursache  . . . . :  Das ersetzte Objekt CPYSRC2IFS der Art *MODULE aus der
                                       Bibliothek PROUZAT1 wurde in QA6829AF24 umbenannt und in die Bibliothek
                                       QRPLOBJ übertragen. Fehlerbeseitigung:  Wenn das ersetzte Objekt benötigt
                                       wird, kann der Benutzer mit dem Befehl MOVOBJ (Objekt übertragen) das Objekt
                                       von der Bibliothek QRPLOBJ in eine andere Bibliothek übertragen. Der Inhalt
                                       der Bibliothek QRPLOBJ wird während des nächsten IPL des Systems gelöscht.
                                       Der Inhalt von Bibliothek QRPLxxxxx ("xxxxx" ist die Nummer eines primären
                                       Zusatzspeicherpools (ASP)) wird während des nächsten Anhängens (Aktivierung)
                                       der ASP-Einheit gelöscht.
RNS9305    Beendigung              00   01/10/23  06:36:50.671425  QRN4CPP      QDEVTOOLS   *STMT    QP2USER2    QSYS        *STMT
                                     Von Benutzer  . . . . . . . :   PROUZAT1
                                     Ausgangsmodul . . . . . . . :   GRP4CPP
                                     Ausgangsprozedur  . . . . . :   cleanup
                                     Anweisung . . . . . . . . . :   19
                                     Zielmodul . . . . . . . . . :   QP2API
                                     Zielprozedur  . . . . . . . :   runpase_common__FiPvT2
                                     Anweisung . . . . . . . . . :   4
                                     Nachricht . . . :   Modul CPYSRC2IFS in Bibliothek PROUZAT1 gestellt. Höchste
                                       Bewertungsstufe ist 00. Erstellt am 01/10/23 um 06:36:50.
                                     Ursache  . . . . : Modul CPYSRC2IFS wurde erfolgreich in Bibliothek PROUZAT1
                                       erstellt. Die höchste ausgegebene Nachrichtenbewertungsstufe war 00. Datum
                                       und Uhrzeit der Modulerstellung sind 01/10/23 und 06:36:50.
CPC7301    Beendigung              00   01/10/23  06:36:50.684779  QDDCPF       QSYS        054C     QC2SYS      QSYS        *STMT
                                     Von Benutzer  . . . . . . . :   PROUZAT1
                                     Zielmodul . . . . . . . . . :   QC2SYS
                                     Zielprozedur  . . . . . . . :   system
                                     Anweisung . . . . . . . . . :   13
                                     Nachricht . . . :   Datei QP2CMD in Bibliothek QTEMP erstellt.
CPC7305    Beendigung              00   01/10/23  06:36:50.688868  QDDCPFM      QSYS        005B     QC2SYS      QSYS        *STMT
                                     Von Benutzer  . . . . . . . :   PROUZAT1
                                     Zielmodul . . . . . . . . . :   QC2SYS
                                     Zielprozedur  . . . . . . . :   system
                                     Anweisung . . . . . . . . . :   13
                                     Nachricht . . . :   Teildatei QP2CMD zu Datei QP2CMD in QTEMP hinzugefügt.
CPD000D    Information             30   01/10/23  06:36:50.689316  QCATRS       QSYS        045F     QC2SYS      QSYS        *STMT
                                     Von Benutzer  . . . . . . . :   PROUZAT1
                                     Zielmodul . . . . . . . . . :   QC2SYS
                                     Zielprozedur  . . . . . . . :   system
                                     Anweisung . . . . . . . . . :   13
                                     Nachricht . . . :   Befehl QSYS/CPYSPLF nicht sicher für Job mit mehreren
                                       Threads.
                                     Ursache  . . . . :  Der aktuelle Job enthält mehrere Threads. Der Befehl
                                       QSYS/CPYSPLF kann nicht sicher in einem Job mit mehreren Threads ausgeführt
                                       werden. Aktion 2 wird ausgeführt. Aktionen: 2 -- Die Verarbeitung des
                                       Befehls wird fortgesetzt. 3 -- Diese Nachricht folgt auf Abbruchnachricht
                                       CPF0001. Die Befehlsverarbeitung wird beendet. Fehlerbeseitigung:  Der
                                       Befehl darf nicht in einem Job mit mehreren Threads ausgeführt werden.
                                       Technische Beschreibung . . . . . . . :  Befehle, die für Threads nicht
                                       sicher ausgeführt werden können, sollten nicht in einem Job mit mehreren
 5770SS1 V7R5M0 220415                        Jobprotokoll anzeigen                SPGV74    01/10/23  06:36:50 CEST    Seite    5
  Jobname  . . . . . . . . . . :   QP0ZSPWP        Benutzer  . . . . :   QSECOFR      Nummer . . . . . . . . . . . :   457890
  Jobbeschreibung  . . . . . . :   QDFTSVR         Bibliothek  . . . :   QGPL
NACHR-ID   ART                     BEW  DATUM     ZEIT             VON PGM      BIBLIOTHEK  INST     AN PGM      BIBLIOTHEK  INST
                                       Threads benutzt werden. Mit dem Befehl DSPCMD (Befehl anzeigen) feststellen,
                                       ob ein Befehl sicher für Threads ausgeführt werden kann und welche Aktion
                                       vom Befehlsanalyseprogramm ausgeführt wird, wenn der Befehl für Threads
                                       nicht sicher ist. Wurde für die auszuführende Aktion *SYSVAL angegeben, wird
                                       die vom Befehlsanalyseprogramm durchzuführende Aktion anhand des Systemwerts
                                       QMLTTHDACN festgelegt.
CPF3485    Beendigung              00   01/10/23  06:36:50.709220  QSPCPYF      QSYS        076B     QC2SYS      QSYS        *STMT
                                     Von Benutzer  . . . . . . . :   PROUZAT1
                                     Zielmodul . . . . . . . . . :   QC2SYS
                                     Zielprozedur  . . . . . . . :   system
                                     Anweisung . . . . . . . . . :   13
                                     Nachricht . . . :   205 Sätze in Datei QP2CMD in QTEMP kopiert.
                                     Ursache . . . . :  205 Datensätze wurden von der Spool-Datei CPYSRC2IFS Nummer
                                       2096 Job 980677/PROUZAT1/QPRTJOB erstellt auf System SPGV74 am 01/10/23
                                       06:36:50 in die physische Datei QP2CMD in QTEMP Teildatei QP2CMD kopiert.
CPD000D    Information             30   01/10/23  06:36:50.712869  QCATRS       QSYS        045F     QC2SYS      QSYS        *STMT
                                     Von Benutzer  . . . . . . . :   PROUZAT1
                                     Zielmodul . . . . . . . . . :   QC2SYS
                                     Zielprozedur  . . . . . . . :   system
                                     Anweisung . . . . . . . . . :   13
                                     Nachricht . . . :   Befehl *LIBL/DLTSPLF nicht sicher für Job mit mehreren
                                       Threads.
                                     Ursache  . . . . :  Der aktuelle Job enthält mehrere Threads. Der Befehl
                                       *LIBL/DLTSPLF kann nicht sicher in einem Job mit mehreren Threads ausgeführt
                                       werden. Aktion 2 wird ausgeführt. Aktionen: 2 -- Die Verarbeitung des
                                       Befehls wird fortgesetzt. 3 -- Diese Nachricht folgt auf Abbruchnachricht
                                       CPF0001. Die Befehlsverarbeitung wird beendet. Fehlerbeseitigung:  Der
                                       Befehl darf nicht in einem Job mit mehreren Threads ausgeführt werden.
                                       Technische Beschreibung . . . . . . . :  Befehle, die für Threads nicht
                                       sicher ausgeführt werden können, sollten nicht in einem Job mit mehreren
                                       Threads benutzt werden. Mit dem Befehl DSPCMD (Befehl anzeigen) feststellen,
                                       ob ein Befehl sicher für Threads ausgeführt werden kann und welche Aktion
                                       vom Befehlsanalyseprogramm ausgeführt wird, wenn der Befehl für Threads
                                       nicht sicher ist. Wurde für die auszuführende Aktion *SYSVAL angegeben, wird
                                       die vom Befehlsanalyseprogramm durchzuführende Aktion anhand des Systemwerts
                                       QMLTTHDACN festgelegt.
CPD000D    Information             30   01/10/23  06:36:50.715290  QCATRS       QSYS        045F     QC2SYS      QSYS        *STMT
                                     Von Benutzer  . . . . . . . :   PROUZAT1
                                     Zielmodul . . . . . . . . . :   QC2SYS
                                     Zielprozedur  . . . . . . . :   system
                                     Anweisung . . . . . . . . . :   13
                                     Nachricht . . . :   Befehl QSYS/CPYSPLF nicht sicher für Job mit mehreren
                                       Threads.
                                     Ursache  . . . . :  Der aktuelle Job enthält mehrere Threads. Der Befehl
                                       QSYS/CPYSPLF kann nicht sicher in einem Job mit mehreren Threads ausgeführt
                                       werden. Aktion 2 wird ausgeführt. Aktionen: 2 -- Die Verarbeitung des
                                       Befehls wird fortgesetzt. 3 -- Diese Nachricht folgt auf Abbruchnachricht
                                       CPF0001. Die Befehlsverarbeitung wird beendet. Fehlerbeseitigung:  Der
                                       Befehl darf nicht in einem Job mit mehreren Threads ausgeführt werden.
                                       Technische Beschreibung . . . . . . . :  Befehle, die für Threads nicht
                                       sicher ausgeführt werden können, sollten nicht in einem Job mit mehreren
                                       Threads benutzt werden. Mit dem Befehl DSPCMD (Befehl anzeigen) feststellen,
                                       ob ein Befehl sicher für Threads ausgeführt werden kann und welche Aktion
                                       vom Befehlsanalyseprogramm ausgeführt wird, wenn der Befehl für Threads
                                       nicht sicher ist. Wurde für die auszuführende Aktion *SYSVAL angegeben, wird
                                       die vom Befehlsanalyseprogramm durchzuführende Aktion anhand des Systemwerts
                                       QMLTTHDACN festgelegt.
CPF3485    Beendigung              00   01/10/23  06:36:50.761125  QSPCPYF      QSYS        076B     QC2SYS      QSYS        *STMT
 5770SS1 V7R5M0 220415                        Jobprotokoll anzeigen                SPGV74    01/10/23  06:36:50 CEST    Seite    6
  Jobname  . . . . . . . . . . :   QP0ZSPWP        Benutzer  . . . . :   QSECOFR      Nummer . . . . . . . . . . . :   457890
  Jobbeschreibung  . . . . . . :   QDFTSVR         Bibliothek  . . . :   QGPL
NACHR-ID   ART                     BEW  DATUM     ZEIT             VON PGM      BIBLIOTHEK  INST     AN PGM      BIBLIOTHEK  INST
                                     Von Benutzer  . . . . . . . :   PROUZAT1
                                     Zielmodul . . . . . . . . . :   QC2SYS
                                     Zielprozedur  . . . . . . . :   system
                                     Anweisung . . . . . . . . . :   13
                                     Nachricht . . . :   642 Sätze in Datei QP2CMD in QTEMP kopiert.
                                     Ursache . . . . :  642 Datensätze wurden von der Spool-Datei CPYSRC2IFS Nummer
                                       2097 Job 980677/PROUZAT1/QPRTJOB erstellt auf System SPGV74 am 01/10/23
                                       06:36:50 in die physische Datei QP2CMD in QTEMP Teildatei QP2CMD kopiert.
CPD000D    Information             30   01/10/23  06:36:50.768691  QCATRS       QSYS        045F     QC2SYS      QSYS        *STMT
                                     Von Benutzer  . . . . . . . :   PROUZAT1
                                     Zielmodul . . . . . . . . . :   QC2SYS
                                     Zielprozedur  . . . . . . . :   system
                                     Anweisung . . . . . . . . . :   13
                                     Nachricht . . . :   Befehl *LIBL/DLTSPLF nicht sicher für Job mit mehreren
                                       Threads.
                                     Ursache  . . . . :  Der aktuelle Job enthält mehrere Threads. Der Befehl
                                       *LIBL/DLTSPLF kann nicht sicher in einem Job mit mehreren Threads ausgeführt
                                       werden. Aktion 2 wird ausgeführt. Aktionen: 2 -- Die Verarbeitung des
                                       Befehls wird fortgesetzt. 3 -- Diese Nachricht folgt auf Abbruchnachricht
                                       CPF0001. Die Befehlsverarbeitung wird beendet. Fehlerbeseitigung:  Der
                                       Befehl darf nicht in einem Job mit mehreren Threads ausgeführt werden.
                                       Technische Beschreibung . . . . . . . :  Befehle, die für Threads nicht
                                       sicher ausgeführt werden können, sollten nicht in einem Job mit mehreren
                                       Threads benutzt werden. Mit dem Befehl DSPCMD (Befehl anzeigen) feststellen,
                                       ob ein Befehl sicher für Threads ausgeführt werden kann und welche Aktion
                                       vom Befehlsanalyseprogramm ausgeführt wird, wenn der Befehl für Threads
                                       nicht sicher ist. Wurde für die auszuführende Aktion *SYSVAL angegeben, wird
                                       die vom Befehlsanalyseprogramm durchzuführende Aktion anhand des Systemwerts
                                       QMLTTHDACN festgelegt.
CPC2191    Beendigung              00   01/10/23  06:36:50.787856  QLIDLOBJ     QSYS        0743     QC2SYS      QSYS        *STMT
                                     Von Benutzer  . . . . . . . :   PROUZAT1
                                     Zielmodul . . . . . . . . . :   QC2SYS
                                     Zielprozedur  . . . . . . . :   system
                                     Anweisung . . . . . . . . . :   13
                                     Nachricht . . . :   Objekt QP2CMD in QTEMP Art *FILE wurde gelöscht.
CPD000D    Information             30   01/10/23  06:36:50.796552  QCATRS       QSYS        045F     QP2USER2    QSYS        *STMT
                                     Von Benutzer  . . . . . . . :   PROUZAT1
                                     Zielmodul . . . . . . . . . :   QP2CL
                                     Zielprozedur  . . . . . . . :   __Qp2RunCL
                                     Anweisung . . . . . . . . . :   93
                                     Nachricht . . . :   Befehl *LIBL/DSPJOBLOG nicht sicher für Job mit mehreren
                                       Threads.
                                     Ursache  . . . . :  Der aktuelle Job enthält mehrere Threads. Der Befehl
                                       *LIBL/DSPJOBLOG kann nicht sicher in einem Job mit mehreren Threads
                                       ausgeführt werden. Aktion 2 wird ausgeführt. Aktionen: 2 -- Die Verarbeitung
                                       des Befehls wird fortgesetzt. 3 -- Diese Nachricht folgt auf
                                       Abbruchnachricht CPF0001. Die Befehlsverarbeitung wird beendet.
                                       Fehlerbeseitigung:  Der Befehl darf nicht in einem Job mit mehreren Threads
                                       ausgeführt werden. Technische Beschreibung . . . . . . . :  Befehle, die für
                                       Threads nicht sicher ausgeführt werden können, sollten nicht in einem Job
                                       mit mehreren Threads benutzt werden. Mit dem Befehl DSPCMD (Befehl anzeigen)
                                       feststellen, ob ein Befehl sicher für Threads ausgeführt werden kann und
                                       welche Aktion vom Befehlsanalyseprogramm ausgeführt wird, wenn der Befehl
                                       für Threads nicht sicher ist. Wurde für die auszuführende Aktion *SYSVAL
                                       angegeben, wird die vom Befehlsanalyseprogramm durchzuführende Aktion anhand
                                       des Systemwerts QMLTTHDACN festgelegt.
Command is > DSPJOBLOG <
CPD000D: Befehl *LIBL/DSPJOBLOG nicht sicher für Job mit mehreren Threads.
 5770SS1 V7R5M0 220415                        Jobprotokoll anzeigen                SPGV74    01/10/23  06:36:51 CEST    Seite    1
  Jobname  . . . . . . . . . . :   QP0ZSPWP        Benutzer  . . . . :   QSECOFR      Nummer . . . . . . . . . . . :   457893
  Jobbeschreibung  . . . . . . :   QDFTSVR         Bibliothek  . . . :   QGPL
NACHR-ID   ART                     BEW  DATUM     ZEIT             VON PGM      BIBLIOTHEK  INST     AN PGM      BIBLIOTHEK  INST
CPC2196    Beendigung              00   01/10/23  06:36:51.015859  QLICUSRL     QSYS        0114     QP2USER2    QSYS        *STMT
                                     Von Benutzer  . . . . . . . :   PROUZAT1
                                     Zielmodul . . . . . . . . . :   QP2API
                                     Zielprozedur  . . . . . . . :   runpase_common__FiPvT2
                                     Anweisung . . . . . . . . . :   4
                                     Nachricht . . . :   Bibliothek PROUZAT1 der Bibliotheksliste hinzugefügt.
                                     Ursache  . . . . :  Wenn der Befehl ADDLIBLE benutzt wurde, wurde PROUZAT1 der
                                       Benutzerbibliotheksliste hinzugefügt. Wenn der Befehl CHGSYSLIBL benutzt
                                       wurde, wurde PROUZAT1 dem Systemteil der Bibliotheksliste hinzugefügt.
CPD000D    Information             30   01/10/23  06:36:51.017080  QCATRS       QSYS        045F     QP2USER2    QSYS        *STMT
                                     Von Benutzer  . . . . . . . :   PROUZAT1
                                     Zielmodul . . . . . . . . . :   QP2API
                                     Zielprozedur  . . . . . . . :   runpase_common__FiPvT2
                                     Anweisung . . . . . . . . . :   4
                                     Nachricht . . . :   Befehl *LIBL/CRTPGM nicht sicher für Job mit mehreren
                                       Threads.
                                     Ursache  . . . . :  Der aktuelle Job enthält mehrere Threads. Der Befehl
                                       *LIBL/CRTPGM kann nicht sicher in einem Job mit mehreren Threads ausgeführt
                                       werden. Aktion 2 wird ausgeführt. Aktionen: 2 -- Die Verarbeitung des
                                       Befehls wird fortgesetzt. 3 -- Diese Nachricht folgt auf Abbruchnachricht
                                       CPF0001. Die Befehlsverarbeitung wird beendet. Fehlerbeseitigung:  Der
                                       Befehl darf nicht in einem Job mit mehreren Threads ausgeführt werden.
                                       Technische Beschreibung . . . . . . . :  Befehle, die für Threads nicht
                                       sicher ausgeführt werden können, sollten nicht in einem Job mit mehreren
                                       Threads benutzt werden. Mit dem Befehl DSPCMD (Befehl anzeigen) feststellen,
                                       ob ein Befehl sicher für Threads ausgeführt werden kann und welche Aktion
                                       vom Befehlsanalyseprogramm ausgeführt wird, wenn der Befehl für Threads
                                       nicht sicher ist. Wurde für die auszuführende Aktion *SYSVAL angegeben, wird
                                       die vom Befehlsanalyseprogramm durchzuführende Aktion anhand des Systemwerts
                                       QMLTTHDACN festgelegt.
CPD4090    Diagnose                10   01/10/23  06:36:51.018411  QDMCOPEN     QSYS        17CC     QUIOPEN     QSYS        0669
                                     Von Benutzer  . . . . . . . :   PROUZAT1
                                     Nachricht . . . :   Drucker PRT01 nicht gefunden. Ausgabewarteschlange in
                                       QPRINT in Bibliothek QGPL geändert.
                                     Ursache  . . . . :  Der Drucker PRT01 wurde nicht gefunden. Die
                                       Ausgabewarteschlange wurde für die Spool-Druckerdatei QSYSPRT in der
                                       Bibliothek QSYS2929 geändert. Fehlerbeseitigung:  Vor Wiederholung des
                                       Programmlaufes einen der folgenden Schritte durchführen: - Druckernamen für
                                       die Spool-Druckerdatei QSYSPRT in der Bibliothek QSYS2929 mit dem Befehl
                                       CHGPRTF ändern oder mit dem Befehl OVRPRTF überschreiben. - Konfiguration
                                       für den Drucker hinzufügen oder erstellen (Befehl CRTDEVPRT).
CPD5D1D    Diagnose                20   01/10/23  06:36:51.026310  QBNBIND      QSYS        *STMT    QBNBIND     QSYS        *STMT
                                     Von Benutzer  . . . . . . . :   PROUZAT1
                                     Ausgangsmodul . . . . . . . :   QBNBNDIR
                                     Ausgangsprozedur  . . . . . :   QBNBNDIR__ProcessBindingDirectory__handleObjec
                                       t__resolveObjectInBndDir__objectNotFound
                                     Anweisung . . . . . . . . . :   36
                                     Zielmodul . . . . . . . . . :   QBNBNDIR
                                     Zielprozedur  . . . . . . . :   QBNBNDIR__ProcessBindingDirectory__handleObjec
                                       t__resolveObjectInBndDir
                                     Anweisung . . . . . . . . . :   5
                                     Nachricht . . . :   Objekt GETTEXT der Art *SRVPGM in Bibliothek *LIBL nicht
                                       gefunden.
                                     Ursache  . . . . :  Objekt GETTEXT der Art *SRVPGM in Bibliothek *LIBL wurde
                                       im Binderverzeichnis PROUZADIR in Bibliothek PROUZAT1 angegeben; es wurde
                                       jedoch nicht zum Binden gefunden. Fehlerbeseitigung:  Den
                                       Anwendungslieferanten oder den Kundendienst benachrichtigen.
CPD5D1D    Diagnose                20   01/10/23  06:36:51.026455  QBNBIND      QSYS        *STMT    QBNBIND     QSYS        *STMT
 5770SS1 V7R5M0 220415                        Jobprotokoll anzeigen                SPGV74    01/10/23  06:36:51 CEST    Seite    2
  Jobname  . . . . . . . . . . :   QP0ZSPWP        Benutzer  . . . . :   QSECOFR      Nummer . . . . . . . . . . . :   457893
  Jobbeschreibung  . . . . . . :   QDFTSVR         Bibliothek  . . . :   QGPL
NACHR-ID   ART                     BEW  DATUM     ZEIT             VON PGM      BIBLIOTHEK  INST     AN PGM      BIBLIOTHEK  INST
                                     Von Benutzer  . . . . . . . :   PROUZAT1
                                     Ausgangsmodul . . . . . . . :   QBNBNDIR
                                     Ausgangsprozedur  . . . . . :   QBNBNDIR__ProcessBindingDirectory__handleObjec
                                       t__resolveObjectInBndDir__objectNotFound
                                     Anweisung . . . . . . . . . :   36
                                     Zielmodul . . . . . . . . . :   QBNBNDIR
                                     Zielprozedur  . . . . . . . :   QBNBNDIR__ProcessBindingDirectory__handleObjec
                                       t__resolveObjectInBndDir
                                     Anweisung . . . . . . . . . :   5
                                     Nachricht . . . :   Objekt SQLSRV1 der Art *SRVPGM in Bibliothek *LIBL nicht
                                       gefunden.
                                     Ursache  . . . . :  Objekt SQLSRV1 der Art *SRVPGM in Bibliothek *LIBL wurde
                                       im Binderverzeichnis PROUZADIR in Bibliothek PROUZAT1 angegeben; es wurde
                                       jedoch nicht zum Binden gefunden. Fehlerbeseitigung:  Den
                                       Anwendungslieferanten oder den Kundendienst benachrichtigen.
CPD5D1D    Diagnose                20   01/10/23  06:36:51.026505  QBNBIND      QSYS        *STMT    QBNBIND     QSYS        *STMT
                                     Von Benutzer  . . . . . . . :   PROUZAT1
                                     Ausgangsmodul . . . . . . . :   QBNBNDIR
                                     Ausgangsprozedur  . . . . . :   QBNBNDIR__ProcessBindingDirectory__handleObjec
                                       t__resolveObjectInBndDir__objectNotFound
                                     Anweisung . . . . . . . . . :   36
                                     Zielmodul . . . . . . . . . :   QBNBNDIR
                                     Zielprozedur  . . . . . . . :   QBNBNDIR__ProcessBindingDirectory__handleObjec
                                       t__resolveObjectInBndDir
                                     Anweisung . . . . . . . . . :   5
                                     Nachricht . . . :   Objekt SQLTEST3 der Art *SRVPGM in Bibliothek *LIBL nicht
                                       gefunden.
                                     Ursache  . . . . :  Objekt SQLTEST3 der Art *SRVPGM in Bibliothek *LIBL wurde
                                       im Binderverzeichnis PROUZADIR in Bibliothek PROUZAT1 angegeben; es wurde
                                       jedoch nicht zum Binden gefunden. Fehlerbeseitigung:  Den
                                       Anwendungslieferanten oder den Kundendienst benachrichtigen.
CPF5D04    Diagnose                30   01/10/23  06:36:51.032341  QBNBIND      QSYS        *STMT    QBNBIND     QSYS        *STMT
                                     Von Benutzer  . . . . . . . :   PROUZAT1
                                     Ausgangsmodul . . . . . . . :   QBNBSYMR
                                     Ausgangsprozedur  . . . . . :   QBNBSYMR__SignalNotAuthMsgs
                                     Anweisung . . . . . . . . . :   30
                                     Zielmodul . . . . . . . . . :   QBNBSYMR
                                     Zielprozedur  . . . . . . . :   QBNBSYMR__ResolveSymbols
                                     Anweisung . . . . . . . . . :   62
                                     Nachricht . . . :   Keine Berechtigung für Serviceprogramm QPMLPMGT in
                                       Bibliothek QSYS.
                                     Ursache  . . . . :  Der Benutzer ist für Serviceprogramm QPMLPMGT in
                                       Bibliothek QSYS nicht berechtigt. Fehlerbeseitigung:  Entweder den
                                       Sicherheitsbeauftragten oder den Eigner des Serviceprogramms QPMLPMGT
                                       veranlassen, dem Benutzer die Berechtigung für das Objekt zu erteilen.
CPI2119    Information             00   01/10/23  06:36:51.077394  QLIINSRT     QSYS        0A1D     QBNINSOB    QSYS        024C
                                     Von Benutzer  . . . . . . . :   PROUZAT1
                                     Nachricht . . . :   Parameterwerte für AUT und USRPRF wurden ignoriert.
                                     Ursache  . . . . :  Die Parameterwerte für AUT und USRPRF wurden ignoriert, da
                                       REPLACE(*YES) angegeben war. Daher wurde das vorhandene Objekt als
                                       Berechtigungsquelle verwendet. Alle persönlichen und allgemeinen
                                       Berechtigungen, das Attribut USRPRF und das Attribut USEADPAUT wurden aus
                                       dem vorhandenen Objekt in das neue Objekt CPYSRC2IFS, Art *PGM, in
                                       Bibliothek PROUZAT1 kopiert. Fehlerbeseitigung:  Die Objektberechtigung
                                       anzeigen (Befehl DSPOBJAUT), um festzustellen, ob die Berechtigung für
                                       Objekt CPYSRC2IFS Art *PGM in Bibliothek PROUZAT1 geändert werden muss.
                                       Gegebenenfalls die Objektberechtigung erteilen (Befehl GRTOBJAUT) oder die
                                       Objektberechtigung widerrufen (Befehl RVKOBJAUT), um die Berechtigung für
 5770SS1 V7R5M0 220415                        Jobprotokoll anzeigen                SPGV74    01/10/23  06:36:51 CEST    Seite    3
  Jobname  . . . . . . . . . . :   QP0ZSPWP        Benutzer  . . . . :   QSECOFR      Nummer . . . . . . . . . . . :   457893
  Jobbeschreibung  . . . . . . :   QDFTSVR         Bibliothek  . . . :   QGPL
NACHR-ID   ART                     BEW  DATUM     ZEIT             VON PGM      BIBLIOTHEK  INST     AN PGM      BIBLIOTHEK  INST
                                       Objekt CPYSRC2IFS Art *PGM in Bibliothek PROUZAT1 zu ändern.
CPI2121    Information             00   01/10/23  06:36:51.078962  QLIREINS     QSYS        02DD     QLIINSRT    QSYS        0789
                                     Von Benutzer  . . . . . . . :   PROUZAT1
                                     Nachricht . . . :   Ersetztes Objekt CPYSRC2IFS Art *PGM wurde in QRPLOBJ
                                       übertragen.
                                     Ursache  . . . . :  Das ersetzte Objekt CPYSRC2IFS der Art *PGM aus der
                                       Bibliothek PROUZAT1 wurde in QA6829B0BD umbenannt und in die Bibliothek
                                       QRPLOBJ übertragen. Fehlerbeseitigung:  Wenn das ersetzte Objekt benötigt
                                       wird, kann der Benutzer mit dem Befehl MOVOBJ (Objekt übertragen) das Objekt
                                       von der Bibliothek QRPLOBJ in eine andere Bibliothek übertragen. Der Inhalt
                                       der Bibliothek QRPLOBJ wird während des nächsten IPL des Systems gelöscht.
                                       Der Inhalt von Bibliothek QRPLxxxxx ("xxxxx" ist die Nummer eines primären
                                       Zusatzspeicherpools (ASP)) wird während des nächsten Anhängens (Aktivierung)
                                       der ASP-Einheit gelöscht.
CPC5D07    Beendigung              00   01/10/23  06:36:51.082125  QBNBIND      QSYS        *STMT    QP2USER2    QSYS        *STMT
                                     Von Benutzer  . . . . . . . :   PROUZAT1
                                     Ausgangsmodul . . . . . . . :   QBNBIND
                                     Ausgangsprozedur  . . . . . :   QBNBIND__SendCompletionMessage
                                     Anweisung . . . . . . . . . :   7
                                     Zielmodul . . . . . . . . . :   QP2API
                                     Zielprozedur  . . . . . . . :   runpase_common__FiPvT2
                                     Anweisung . . . . . . . . . :   4
                                     Nachricht . . . :   Programm CPYSRC2IFS in Bibliothek PROUZAT1 erstellt.
                                     Ursache  . . . . :  Programm CPYSRC2IFS wurde in Bibliothek PROUZAT1
                                       erfolgreich erstellt. Fehlerbeseitigung:  Die Programmerstellung war
                                       erfolgreich.
CPC7301    Beendigung              00   01/10/23  06:36:51.094799  QDDCPF       QSYS        054C     QC2SYS      QSYS        *STMT
                                     Von Benutzer  . . . . . . . :   PROUZAT1
                                     Zielmodul . . . . . . . . . :   QC2SYS
                                     Zielprozedur  . . . . . . . :   system
                                     Anweisung . . . . . . . . . :   13
                                     Nachricht . . . :   Datei QP2CMD in Bibliothek QTEMP erstellt.
CPC7305    Beendigung              00   01/10/23  06:36:51.099158  QDDCPFM      QSYS        005B     QC2SYS      QSYS        *STMT
                                     Von Benutzer  . . . . . . . :   PROUZAT1
                                     Zielmodul . . . . . . . . . :   QC2SYS
                                     Zielprozedur  . . . . . . . :   system
                                     Anweisung . . . . . . . . . :   13
                                     Nachricht . . . :   Teildatei QP2CMD zu Datei QP2CMD in QTEMP hinzugefügt.
CPD000D    Information             30   01/10/23  06:36:51.100189  QCATRS       QSYS        045F     QC2SYS      QSYS        *STMT
                                     Von Benutzer  . . . . . . . :   PROUZAT1
                                     Zielmodul . . . . . . . . . :   QC2SYS
                                     Zielprozedur  . . . . . . . :   system
                                     Anweisung . . . . . . . . . :   13
                                     Nachricht . . . :   Befehl QSYS/CPYSPLF nicht sicher für Job mit mehreren
                                       Threads.
                                     Ursache  . . . . :  Der aktuelle Job enthält mehrere Threads. Der Befehl
                                       QSYS/CPYSPLF kann nicht sicher in einem Job mit mehreren Threads ausgeführt
                                       werden. Aktion 2 wird ausgeführt. Aktionen: 2 -- Die Verarbeitung des
                                       Befehls wird fortgesetzt. 3 -- Diese Nachricht folgt auf Abbruchnachricht
                                       CPF0001. Die Befehlsverarbeitung wird beendet. Fehlerbeseitigung:  Der
                                       Befehl darf nicht in einem Job mit mehreren Threads ausgeführt werden.
                                       Technische Beschreibung . . . . . . . :  Befehle, die für Threads nicht
                                       sicher ausgeführt werden können, sollten nicht in einem Job mit mehreren
                                       Threads benutzt werden. Mit dem Befehl DSPCMD (Befehl anzeigen) feststellen,
                                       ob ein Befehl sicher für Threads ausgeführt werden kann und welche Aktion
                                       vom Befehlsanalyseprogramm ausgeführt wird, wenn der Befehl für Threads
                                       nicht sicher ist. Wurde für die auszuführende Aktion *SYSVAL angegeben, wird
                                       die vom Befehlsanalyseprogramm durchzuführende Aktion anhand des Systemwerts
 5770SS1 V7R5M0 220415                        Jobprotokoll anzeigen                SPGV74    01/10/23  06:36:51 CEST    Seite    4
  Jobname  . . . . . . . . . . :   QP0ZSPWP        Benutzer  . . . . :   QSECOFR      Nummer . . . . . . . . . . . :   457893
  Jobbeschreibung  . . . . . . :   QDFTSVR         Bibliothek  . . . :   QGPL
NACHR-ID   ART                     BEW  DATUM     ZEIT             VON PGM      BIBLIOTHEK  INST     AN PGM      BIBLIOTHEK  INST
                                       QMLTTHDACN festgelegt.
CPF3485    Beendigung              00   01/10/23  06:36:51.106093  QSPCPYF      QSYS        076B     QC2SYS      QSYS        *STMT
                                     Von Benutzer  . . . . . . . :   PROUZAT1
                                     Zielmodul . . . . . . . . . :   QC2SYS
                                     Zielprozedur  . . . . . . . :   system
                                     Anweisung . . . . . . . . . :   13
                                     Nachricht . . . :   54 Sätze in Datei QP2CMD in QTEMP kopiert.
                                     Ursache . . . . :  54 Datensätze wurden von der Spool-Datei CPYSRC2IFS Nummer
                                       2099 Job 980677/PROUZAT1/QPRTJOB erstellt auf System SPGV74 am 01/10/23
                                       06:36:51 in die physische Datei QP2CMD in QTEMP Teildatei QP2CMD kopiert.
CPD000D    Information             30   01/10/23  06:36:51.108060  QCATRS       QSYS        045F     QC2SYS      QSYS        *STMT
                                     Von Benutzer  . . . . . . . :   PROUZAT1
                                     Zielmodul . . . . . . . . . :   QC2SYS
                                     Zielprozedur  . . . . . . . :   system
                                     Anweisung . . . . . . . . . :   13
                                     Nachricht . . . :   Befehl *LIBL/DLTSPLF nicht sicher für Job mit mehreren
                                       Threads.
                                     Ursache  . . . . :  Der aktuelle Job enthält mehrere Threads. Der Befehl
                                       *LIBL/DLTSPLF kann nicht sicher in einem Job mit mehreren Threads ausgeführt
                                       werden. Aktion 2 wird ausgeführt. Aktionen: 2 -- Die Verarbeitung des
                                       Befehls wird fortgesetzt. 3 -- Diese Nachricht folgt auf Abbruchnachricht
                                       CPF0001. Die Befehlsverarbeitung wird beendet. Fehlerbeseitigung:  Der
                                       Befehl darf nicht in einem Job mit mehreren Threads ausgeführt werden.
                                       Technische Beschreibung . . . . . . . :  Befehle, die für Threads nicht
                                       sicher ausgeführt werden können, sollten nicht in einem Job mit mehreren
                                       Threads benutzt werden. Mit dem Befehl DSPCMD (Befehl anzeigen) feststellen,
                                       ob ein Befehl sicher für Threads ausgeführt werden kann und welche Aktion
                                       vom Befehlsanalyseprogramm ausgeführt wird, wenn der Befehl für Threads
                                       nicht sicher ist. Wurde für die auszuführende Aktion *SYSVAL angegeben, wird
                                       die vom Befehlsanalyseprogramm durchzuführende Aktion anhand des Systemwerts
                                       QMLTTHDACN festgelegt.
CPC2191    Beendigung              00   01/10/23  06:36:51.119770  QLIDLOBJ     QSYS        0743     QC2SYS      QSYS        *STMT
                                     Von Benutzer  . . . . . . . :   PROUZAT1
                                     Zielmodul . . . . . . . . . :   QC2SYS
                                     Zielprozedur  . . . . . . . :   system
                                     Anweisung . . . . . . . . . :   13
                                     Nachricht . . . :   Objekt QP2CMD in QTEMP Art *FILE wurde gelöscht.
CPD000D    Information             30   01/10/23  06:36:51.122763  QCATRS       QSYS        045F     QP2USER2    QSYS        *STMT
                                     Von Benutzer  . . . . . . . :   PROUZAT1
                                     Zielmodul . . . . . . . . . :   QP2CL
                                     Zielprozedur  . . . . . . . :   __Qp2RunCL
                                     Anweisung . . . . . . . . . :   93
                                     Nachricht . . . :   Befehl *LIBL/DSPJOBLOG nicht sicher für Job mit mehreren
                                       Threads.
                                     Ursache  . . . . :  Der aktuelle Job enthält mehrere Threads. Der Befehl
                                       *LIBL/DSPJOBLOG kann nicht sicher in einem Job mit mehreren Threads
                                       ausgeführt werden. Aktion 2 wird ausgeführt. Aktionen: 2 -- Die Verarbeitung
                                       des Befehls wird fortgesetzt. 3 -- Diese Nachricht folgt auf
                                       Abbruchnachricht CPF0001. Die Befehlsverarbeitung wird beendet.
                                       Fehlerbeseitigung:  Der Befehl darf nicht in einem Job mit mehreren Threads
                                       ausgeführt werden. Technische Beschreibung . . . . . . . :  Befehle, die für
                                       Threads nicht sicher ausgeführt werden können, sollten nicht in einem Job
                                       mit mehreren Threads benutzt werden. Mit dem Befehl DSPCMD (Befehl anzeigen)
                                       feststellen, ob ein Befehl sicher für Threads ausgeführt werden kann und
                                       welche Aktion vom Befehlsanalyseprogramm ausgeführt wird, wenn der Befehl
                                       für Threads nicht sicher ist. Wurde für die auszuführende Aktion *SYSVAL
                                       angegeben, wird die vom Befehlsanalyseprogramm durchzuführende Aktion anhand
                                       des Systemwerts QMLTTHDACN festgelegt.
