Command is > DSPJOBLOG <
CPD000D: Befehl *LIBL/DSPJOBLOG nicht sicher für Job mit mehreren Threads.
 5770SS1 V7R5M0 220415                        Jobprotokoll anzeigen                SPGV74    06/10/23  10:52:10 CEST    Seite    1
  Jobname  . . . . . . . . . . :   QP0ZSPWP        Benutzer  . . . . :   QSECOFR      Nummer . . . . . . . . . . . :   531181
  Jobbeschreibung  . . . . . . :   QDFTSVR         Bibliothek  . . . :   QGPL
NACHR-ID   ART                     BEW  DATUM     ZEIT             VON PGM      BIBLIOTHEK  INST     AN PGM      BIBLIOTHEK  INST
CPC2196    Beendigung              00   06/10/23  10:52:10.323683  QLICUSRL     QSYS        0114     QP2USER2    QSYS        *STMT
                                     Von Benutzer  . . . . . . . :   PROUZAT1
                                     Zielmodul . . . . . . . . . :   QP2API
                                     Zielprozedur  . . . . . . . :   runpase_common__FiPvT2
                                     Anweisung . . . . . . . . . :   4
                                     Nachricht . . . :   Bibliothek PROUZAT1 der Bibliotheksliste hinzugefügt.
                                     Ursache  . . . . :  Wenn der Befehl ADDLIBLE benutzt wurde, wurde PROUZAT1 der
                                       Benutzerbibliotheksliste hinzugefügt. Wenn der Befehl CHGSYSLIBL benutzt
                                       wurde, wurde PROUZAT1 dem Systemteil der Bibliotheksliste hinzugefügt.
CPD000D    Information             30   06/10/23  10:52:10.332094  QCATRS       QSYS        045F     QP2USER2    QSYS        *STMT
                                     Von Benutzer  . . . . . . . :   PROUZAT1
                                     Zielmodul . . . . . . . . . :   QP2API
                                     Zielprozedur  . . . . . . . :   runpase_common__FiPvT2
                                     Anweisung . . . . . . . . . :   4
                                     Nachricht . . . :   Befehl QSYS/CRTSQLRPGI nicht sicher für Job mit mehreren
                                       Threads.
                                     Ursache  . . . . :  Der aktuelle Job enthält mehrere Threads. Der Befehl
                                       QSYS/CRTSQLRPGI kann nicht sicher in einem Job mit mehreren Threads
                                       ausgeführt werden. Aktion 2 wird ausgeführt. Aktionen: 2 -- Die Verarbeitung
                                       des Befehls wird fortgesetzt. 3 -- Diese Nachricht folgt auf
                                       Abbruchnachricht CPF0001. Die Befehlsverarbeitung wird beendet.
                                       Fehlerbeseitigung:  Der Befehl darf nicht in einem Job mit mehreren Threads
                                       ausgeführt werden. Technische Beschreibung . . . . . . . :  Befehle, die für
                                       Threads nicht sicher ausgeführt werden können, sollten nicht in einem Job
                                       mit mehreren Threads benutzt werden. Mit dem Befehl DSPCMD (Befehl anzeigen)
                                       feststellen, ob ein Befehl sicher für Threads ausgeführt werden kann und
                                       welche Aktion vom Befehlsanalyseprogramm ausgeführt wird, wenn der Befehl
                                       für Threads nicht sicher ist. Wurde für die auszuführende Aktion *SYSVAL
                                       angegeben, wird die vom Befehlsanalyseprogramm durchzuführende Aktion anhand
                                       des Systemwerts QMLTTHDACN festgelegt.
CPD000D    Information             30   06/10/23  10:52:10.333156  QCATRS       QSYS        045F     QSQPRUN     QSQL        07A7
                                     Von Benutzer  . . . . . . . :   PROUZAT1
                                     Nachricht . . . :   Befehl QSYS/CRTRPGMOD nicht sicher für Job mit mehreren
                                       Threads.
                                     Ursache  . . . . :  Der aktuelle Job enthält mehrere Threads. Der Befehl
                                       QSYS/CRTRPGMOD kann nicht sicher in einem Job mit mehreren Threads
                                       ausgeführt werden. Aktion 2 wird ausgeführt. Aktionen: 2 -- Die Verarbeitung
                                       des Befehls wird fortgesetzt. 3 -- Diese Nachricht folgt auf
                                       Abbruchnachricht CPF0001. Die Befehlsverarbeitung wird beendet.
                                       Fehlerbeseitigung:  Der Befehl darf nicht in einem Job mit mehreren Threads
                                       ausgeführt werden. Technische Beschreibung . . . . . . . :  Befehle, die für
                                       Threads nicht sicher ausgeführt werden können, sollten nicht in einem Job
                                       mit mehreren Threads benutzt werden. Mit dem Befehl DSPCMD (Befehl anzeigen)
                                       feststellen, ob ein Befehl sicher für Threads ausgeführt werden kann und
                                       welche Aktion vom Befehlsanalyseprogramm ausgeführt wird, wenn der Befehl
                                       für Threads nicht sicher ist. Wurde für die auszuführende Aktion *SYSVAL
                                       angegeben, wird die vom Befehlsanalyseprogramm durchzuführende Aktion anhand
                                       des Systemwerts QMLTTHDACN festgelegt.
CPD4090    Diagnose                10   06/10/23  10:52:10.340276  QDMCOPEN     QSYS        17CC     QC2IO       QSYS        *STMT
                                     Von Benutzer  . . . . . . . :   PROUZAT1
                                     Zielmodul . . . . . . . . . :   QC2CRIC1
                                     Zielprozedur  . . . . . . . :   _C_Open file
                                     Anweisung . . . . . . . . . :   15
                                     Nachricht . . . :   Drucker PRT01 nicht gefunden. Ausgabewarteschlange in
                                       QPRINT in Bibliothek QGPL geändert.
                                     Ursache  . . . . :  Der Drucker PRT01 wurde nicht gefunden. Die
                                       Ausgabewarteschlange wurde für die Spool-Druckerdatei QSYSPRT in der
                                       Bibliothek QSYS2929 geändert. Fehlerbeseitigung:  Vor Wiederholung des
 5770SS1 V7R5M0 220415                        Jobprotokoll anzeigen                SPGV74    06/10/23  10:52:10 CEST    Seite    2
  Jobname  . . . . . . . . . . :   QP0ZSPWP        Benutzer  . . . . :   QSECOFR      Nummer . . . . . . . . . . . :   531181
  Jobbeschreibung  . . . . . . :   QDFTSVR         Bibliothek  . . . :   QGPL
NACHR-ID   ART                     BEW  DATUM     ZEIT             VON PGM      BIBLIOTHEK  INST     AN PGM      BIBLIOTHEK  INST
                                       Programmlaufes einen der folgenden Schritte durchführen: - Druckernamen für
                                       die Spool-Druckerdatei QSYSPRT in der Bibliothek QSYS2929 mit dem Befehl
                                       CHGPRTF ändern oder mit dem Befehl OVRPRTF überschreiben. - Konfiguration
                                       für den Drucker hinzufügen oder erstellen (Befehl CRTDEVPRT).
CPC7301    Beendigung              00   06/10/23  10:52:10.350731  QDDCPF       QSYS        054C     QRN4CPP     QDEVTOOLS   *STMT
                                     Von Benutzer  . . . . . . . :   PROUZAT1
                                     Zielmodul . . . . . . . . . :   GRP4SYSP
                                     Zielprozedur  . . . . . . . :   doSystemCommand
                                     Anweisung . . . . . . . . . :   3
                                     Nachricht . . . :   Datei QSQLPRE in Bibliothek QTEMP erstellt.
CPC7305    Beendigung              00   06/10/23  10:52:10.355058  QDDCPFM      QSYS        005B     QRN4CPP     QDEVTOOLS   *STMT
                                     Von Benutzer  . . . . . . . :   PROUZAT1
                                     Zielmodul . . . . . . . . . :   GRP4SYSP
                                     Zielprozedur  . . . . . . . :   doSystemCommand
                                     Anweisung . . . . . . . . . :   3
                                     Nachricht . . . :   Teildatei LOGGER zu Datei QSQLPRE in QTEMP hinzugefügt.
CPD000D    Information             30   06/10/23  10:52:10.355222  QCATRS       QSYS        045F     QRN4CPP     QDEVTOOLS   *STMT
                                     Von Benutzer  . . . . . . . :   PROUZAT1
                                     Zielmodul . . . . . . . . . :   GRP4SYSP
                                     Zielprozedur  . . . . . . . :   doSystemCommand
                                     Anweisung . . . . . . . . . :   3
                                     Nachricht . . . :   Befehl *LIBL/CHGPFM nicht sicher für Job mit mehreren
                                       Threads.
                                     Ursache  . . . . :  Der aktuelle Job enthält mehrere Threads. Der Befehl
                                       *LIBL/CHGPFM kann nicht sicher in einem Job mit mehreren Threads ausgeführt
                                       werden. Aktion 2 wird ausgeführt. Aktionen: 2 -- Die Verarbeitung des
                                       Befehls wird fortgesetzt. 3 -- Diese Nachricht folgt auf Abbruchnachricht
                                       CPF0001. Die Befehlsverarbeitung wird beendet. Fehlerbeseitigung:  Der
                                       Befehl darf nicht in einem Job mit mehreren Threads ausgeführt werden.
                                       Technische Beschreibung . . . . . . . :  Befehle, die für Threads nicht
                                       sicher ausgeführt werden können, sollten nicht in einem Job mit mehreren
                                       Threads benutzt werden. Mit dem Befehl DSPCMD (Befehl anzeigen) feststellen,
                                       ob ein Befehl sicher für Threads ausgeführt werden kann und welche Aktion
                                       vom Befehlsanalyseprogramm ausgeführt wird, wenn der Befehl für Threads
                                       nicht sicher ist. Wurde für die auszuführende Aktion *SYSVAL angegeben, wird
                                       die vom Befehlsanalyseprogramm durchzuführende Aktion anhand des Systemwerts
                                       QMLTTHDACN festgelegt.
CPC3201    Beendigung              00   06/10/23  10:52:10.356687  QDBCHGME     QSYS        06A1     QRN4CPP     QDEVTOOLS   *STMT
                                     Von Benutzer  . . . . . . . :   PROUZAT1
                                     Zielmodul . . . . . . . . . :   GRP4SYSP
                                     Zielprozedur  . . . . . . . :   doSystemCommand
                                     Anweisung . . . . . . . . . :   3
                                     Nachricht . . . :   Teildatei LOGGER in Datei QSQLPRE in QTEMP geändert.
RNS9307    Beendigung              00   06/10/23  10:52:10.406489  QRN4CPP      QDEVTOOLS   *STMT    QSQPRUN     QSQL        07A7
                                     Von Benutzer  . . . . . . . :   PROUZAT1
                                     Ausgangsmodul . . . . . . . :   GRP4CPP
                                     Ausgangsprozedur  . . . . . :   cleanup
                                     Anweisung . . . . . . . . . :   19
                                     Nachricht . . . :   Diagnoseprüfung der Quelle ist beendet. Höchste
                                       Bewertungsstufe ist 00.
                                     Ursache  . . . . : Die Diagnoseprüfung der angegebenen Quellenteildatei ist
                                       beendet. Die höchste ausgegebene Nachrichtenbewertungsstufe ist 00.
                                       Fehlerbeseitigung: Keine.
CPC0904    Beendigung              00   06/10/23  10:52:10.410731  QWCCCRVC     QSYS        0095     QRN4CPP     QDEVTOOLS   *STMT
                                     Von Benutzer  . . . . . . . :   PROUZAT1
                                     Zielmodul . . . . . . . . . :   GRP4CPP
                                     Zielprozedur  . . . . . . . :   update_dtaara
                                     Anweisung . . . . . . . . . :   8
 5770SS1 V7R5M0 220415                        Jobprotokoll anzeigen                SPGV74    06/10/23  10:52:10 CEST    Seite    3
  Jobname  . . . . . . . . . . :   QP0ZSPWP        Benutzer  . . . . :   QSECOFR      Nummer . . . . . . . . . . . :   531181
  Jobbeschreibung  . . . . . . :   QDFTSVR         Bibliothek  . . . :   QGPL
NACHR-ID   ART                     BEW  DATUM     ZEIT             VON PGM      BIBLIOTHEK  INST     AN PGM      BIBLIOTHEK  INST
                                     Nachricht . . . :   Datenbereich RETURNCODE in Bibliothek QTEMP erstellt.
CPC7301    Beendigung              00   06/10/23  10:52:10.425614  QDDCPF       QSYS        054C     QSQPMAIN    QSYS        *STMT
                                     Von Benutzer  . . . . . . . :   PROUZAT1
                                     Zielmodul . . . . . . . . . :   QSQPMAIN
                                     Zielprozedur  . . . . . . . :   CRTFILE
                                     Anweisung . . . . . . . . . :   15206
                                     Nachricht . . . :   Datei QSQLTEMP1 in Bibliothek QTEMP erstellt.
CPC7305    Beendigung              00   06/10/23  10:52:10.430985  QDDCPFM      QSYS        005B     QSQPMAIN    QSYS        *STMT
                                     Von Benutzer  . . . . . . . :   PROUZAT1
                                     Zielmodul . . . . . . . . . :   QSQPMAIN
                                     Zielprozedur  . . . . . . . :   CRTFILE
                                     Anweisung . . . . . . . . . :   15206
                                     Nachricht . . . :   Teildatei LOGGER zu Datei QSQLTEMP1 in QTEMP hinzugefügt.
CPD000D    Information             30   06/10/23  10:52:10.493818  QCATRS       QSYS        045F     QP2USER2    QSYS        *STMT
                                     Von Benutzer  . . . . . . . :   PROUZAT1
                                     Zielmodul . . . . . . . . . :   QP2API
                                     Zielprozedur  . . . . . . . :   runpase_common__FiPvT2
                                     Anweisung . . . . . . . . . :   4
                                     Nachricht . . . :   Befehl QSYS/CRTRPGMOD nicht sicher für Job mit mehreren
                                       Threads.
                                     Ursache  . . . . :  Der aktuelle Job enthält mehrere Threads. Der Befehl
                                       QSYS/CRTRPGMOD kann nicht sicher in einem Job mit mehreren Threads
                                       ausgeführt werden. Aktion 2 wird ausgeführt. Aktionen: 2 -- Die Verarbeitung
                                       des Befehls wird fortgesetzt. 3 -- Diese Nachricht folgt auf
                                       Abbruchnachricht CPF0001. Die Befehlsverarbeitung wird beendet.
                                       Fehlerbeseitigung:  Der Befehl darf nicht in einem Job mit mehreren Threads
                                       ausgeführt werden. Technische Beschreibung . . . . . . . :  Befehle, die für
                                       Threads nicht sicher ausgeführt werden können, sollten nicht in einem Job
                                       mit mehreren Threads benutzt werden. Mit dem Befehl DSPCMD (Befehl anzeigen)
                                       feststellen, ob ein Befehl sicher für Threads ausgeführt werden kann und
                                       welche Aktion vom Befehlsanalyseprogramm ausgeführt wird, wenn der Befehl
                                       für Threads nicht sicher ist. Wurde für die auszuführende Aktion *SYSVAL
                                       angegeben, wird die vom Befehlsanalyseprogramm durchzuführende Aktion anhand
                                       des Systemwerts QMLTTHDACN festgelegt.
CPD4090    Diagnose                10   06/10/23  10:52:10.533468  QDMCOPEN     QSYS        17CC     QC2IO       QSYS        *STMT
                                     Von Benutzer  . . . . . . . :   PROUZAT1
                                     Zielmodul . . . . . . . . . :   QC2CRIC1
                                     Zielprozedur  . . . . . . . :   _C_Open file
                                     Anweisung . . . . . . . . . :   15
                                     Nachricht . . . :   Drucker PRT01 nicht gefunden. Ausgabewarteschlange in
                                       QPRINT in Bibliothek QGPL geändert.
                                     Ursache  . . . . :  Der Drucker PRT01 wurde nicht gefunden. Die
                                       Ausgabewarteschlange wurde für die Spool-Druckerdatei QSYSPRT in der
                                       Bibliothek QSYS2929 geändert. Fehlerbeseitigung:  Vor Wiederholung des
                                       Programmlaufes einen der folgenden Schritte durchführen: - Druckernamen für
                                       die Spool-Druckerdatei QSYSPRT in der Bibliothek QSYS2929 mit dem Befehl
                                       CHGPRTF ändern oder mit dem Befehl OVRPRTF überschreiben. - Konfiguration
                                       für den Drucker hinzufügen oder erstellen (Befehl CRTDEVPRT).
CPI2126    Information             00   06/10/23  10:52:10.662890  QLIINSRT     QSYS        0A1D     QBNINSOB    QSYS        024C
                                     Von Benutzer  . . . . . . . :   PROUZAT1
                                     Nachricht . . . :   Parameter AUT wurde ignoriert.
                                     Ursache  . . . . :  Der Parameterwert AUT wurde ignoriert, da REPLACE(*YES)
                                       angegeben wurde. Daher wurde das vorhandene Objekt als Berechtigungsquelle
                                       verwendet. Alle privaten und öffentlichen Berechtigungen wurden aus dem
                                       vorhandenen Objekt in das neue Objekt LOGGER Art *MODULE in Bibliothek
                                       PROUZAT1 kopiert. Fehlerbeseitigung:  Die Objektberechtigung anzeigen
                                       (Befehl DSPOBJAUT), um festzustellen, ob die Berechtigung für Objekt LOGGER
                                       Art *MODULE in Bibliothek PROUZAT1 geändert werden muss. Gegebenenfalls die
 5770SS1 V7R5M0 220415                        Jobprotokoll anzeigen                SPGV74    06/10/23  10:52:10 CEST    Seite    4
  Jobname  . . . . . . . . . . :   QP0ZSPWP        Benutzer  . . . . :   QSECOFR      Nummer . . . . . . . . . . . :   531181
  Jobbeschreibung  . . . . . . :   QDFTSVR         Bibliothek  . . . :   QGPL
NACHR-ID   ART                     BEW  DATUM     ZEIT             VON PGM      BIBLIOTHEK  INST     AN PGM      BIBLIOTHEK  INST
                                       Objektberechtigung erteilen (Befehl GRTOBJAUT) oder die Objektberechtigung
                                       widerrufen (Befehl RVKOBJAUT), um die Berechtigung für Objekt LOGGER Art
                                       *MODULE in Bibliothek PROUZAT1 zu ändern.
CPI2121    Information             00   06/10/23  10:52:10.666240  QLIREINS     QSYS        02DD     QLIINSRT    QSYS        0789
                                     Von Benutzer  . . . . . . . :   PROUZAT1
                                     Nachricht . . . :   Ersetztes Objekt LOGGER Art *MODULE wurde in QRPLOBJ
                                       übertragen.
                                     Ursache  . . . . :  Das ersetzte Objekt LOGGER der Art *MODULE aus der
                                       Bibliothek PROUZAT1 wurde in QA8233458A umbenannt und in die Bibliothek
                                       QRPLOBJ übertragen. Fehlerbeseitigung:  Wenn das ersetzte Objekt benötigt
                                       wird, kann der Benutzer mit dem Befehl MOVOBJ (Objekt übertragen) das Objekt
                                       von der Bibliothek QRPLOBJ in eine andere Bibliothek übertragen. Der Inhalt
                                       der Bibliothek QRPLOBJ wird während des nächsten IPL des Systems gelöscht.
                                       Der Inhalt von Bibliothek QRPLxxxxx ("xxxxx" ist die Nummer eines primären
                                       Zusatzspeicherpools (ASP)) wird während des nächsten Anhängens (Aktivierung)
                                       der ASP-Einheit gelöscht.
RNS9305    Beendigung              00   06/10/23  10:52:10.676085  QRN4CPP      QDEVTOOLS   *STMT    QP2USER2    QSYS        *STMT
                                     Von Benutzer  . . . . . . . :   PROUZAT1
                                     Ausgangsmodul . . . . . . . :   GRP4CPP
                                     Ausgangsprozedur  . . . . . :   cleanup
                                     Anweisung . . . . . . . . . :   19
                                     Zielmodul . . . . . . . . . :   QP2API
                                     Zielprozedur  . . . . . . . :   runpase_common__FiPvT2
                                     Anweisung . . . . . . . . . :   4
                                     Nachricht . . . :   Modul LOGGER in Bibliothek PROUZAT1 gestellt. Höchste
                                       Bewertungsstufe ist 00. Erstellt am 06/10/23 um 10:52:10.
                                     Ursache  . . . . : Modul LOGGER wurde erfolgreich in Bibliothek PROUZAT1
                                       erstellt. Die höchste ausgegebene Nachrichtenbewertungsstufe war 00. Datum
                                       und Uhrzeit der Modulerstellung sind 06/10/23 und 10:52:10.
CPC7301    Beendigung              00   06/10/23  10:52:10.688176  QDDCPF       QSYS        054C     QC2SYS      QSYS        *STMT
                                     Von Benutzer  . . . . . . . :   PROUZAT1
                                     Zielmodul . . . . . . . . . :   QC2SYS
                                     Zielprozedur  . . . . . . . :   system
                                     Anweisung . . . . . . . . . :   13
                                     Nachricht . . . :   Datei QP2CMD in Bibliothek QTEMP erstellt.
CPC7305    Beendigung              00   06/10/23  10:52:10.693407  QDDCPFM      QSYS        005B     QC2SYS      QSYS        *STMT
                                     Von Benutzer  . . . . . . . :   PROUZAT1
                                     Zielmodul . . . . . . . . . :   QC2SYS
                                     Zielprozedur  . . . . . . . :   system
                                     Anweisung . . . . . . . . . :   13
                                     Nachricht . . . :   Teildatei QP2CMD zu Datei QP2CMD in QTEMP hinzugefügt.
CPD000D    Information             30   06/10/23  10:52:10.693804  QCATRS       QSYS        045F     QC2SYS      QSYS        *STMT
                                     Von Benutzer  . . . . . . . :   PROUZAT1
                                     Zielmodul . . . . . . . . . :   QC2SYS
                                     Zielprozedur  . . . . . . . :   system
                                     Anweisung . . . . . . . . . :   13
                                     Nachricht . . . :   Befehl QSYS/CPYSPLF nicht sicher für Job mit mehreren
                                       Threads.
                                     Ursache  . . . . :  Der aktuelle Job enthält mehrere Threads. Der Befehl
                                       QSYS/CPYSPLF kann nicht sicher in einem Job mit mehreren Threads ausgeführt
                                       werden. Aktion 2 wird ausgeführt. Aktionen: 2 -- Die Verarbeitung des
                                       Befehls wird fortgesetzt. 3 -- Diese Nachricht folgt auf Abbruchnachricht
                                       CPF0001. Die Befehlsverarbeitung wird beendet. Fehlerbeseitigung:  Der
                                       Befehl darf nicht in einem Job mit mehreren Threads ausgeführt werden.
                                       Technische Beschreibung . . . . . . . :  Befehle, die für Threads nicht
                                       sicher ausgeführt werden können, sollten nicht in einem Job mit mehreren
                                       Threads benutzt werden. Mit dem Befehl DSPCMD (Befehl anzeigen) feststellen,
                                       ob ein Befehl sicher für Threads ausgeführt werden kann und welche Aktion
 5770SS1 V7R5M0 220415                        Jobprotokoll anzeigen                SPGV74    06/10/23  10:52:10 CEST    Seite    5
  Jobname  . . . . . . . . . . :   QP0ZSPWP        Benutzer  . . . . :   QSECOFR      Nummer . . . . . . . . . . . :   531181
  Jobbeschreibung  . . . . . . :   QDFTSVR         Bibliothek  . . . :   QGPL
NACHR-ID   ART                     BEW  DATUM     ZEIT             VON PGM      BIBLIOTHEK  INST     AN PGM      BIBLIOTHEK  INST
                                       vom Befehlsanalyseprogramm ausgeführt wird, wenn der Befehl für Threads
                                       nicht sicher ist. Wurde für die auszuführende Aktion *SYSVAL angegeben, wird
                                       die vom Befehlsanalyseprogramm durchzuführende Aktion anhand des Systemwerts
                                       QMLTTHDACN festgelegt.
CPF3485    Beendigung              00   06/10/23  10:52:10.731195  QSPCPYF      QSYS        076B     QC2SYS      QSYS        *STMT
                                     Von Benutzer  . . . . . . . :   PROUZAT1
                                     Zielmodul . . . . . . . . . :   QC2SYS
                                     Zielprozedur  . . . . . . . :   system
                                     Anweisung . . . . . . . . . :   13
                                     Nachricht . . . :   485 Sätze in Datei QP2CMD in QTEMP kopiert.
                                     Ursache . . . . :  485 Datensätze wurden von der Spool-Datei LOGGER Nummer
                                       2541 Job 980677/PROUZAT1/QPRTJOB erstellt auf System SPGV74 am 06/10/23
                                       10:52:10 in die physische Datei QP2CMD in QTEMP Teildatei QP2CMD kopiert.
CPD000D    Information             30   06/10/23  10:52:10.737935  QCATRS       QSYS        045F     QC2SYS      QSYS        *STMT
                                     Von Benutzer  . . . . . . . :   PROUZAT1
                                     Zielmodul . . . . . . . . . :   QC2SYS
                                     Zielprozedur  . . . . . . . :   system
                                     Anweisung . . . . . . . . . :   13
                                     Nachricht . . . :   Befehl *LIBL/DLTSPLF nicht sicher für Job mit mehreren
                                       Threads.
                                     Ursache  . . . . :  Der aktuelle Job enthält mehrere Threads. Der Befehl
                                       *LIBL/DLTSPLF kann nicht sicher in einem Job mit mehreren Threads ausgeführt
                                       werden. Aktion 2 wird ausgeführt. Aktionen: 2 -- Die Verarbeitung des
                                       Befehls wird fortgesetzt. 3 -- Diese Nachricht folgt auf Abbruchnachricht
                                       CPF0001. Die Befehlsverarbeitung wird beendet. Fehlerbeseitigung:  Der
                                       Befehl darf nicht in einem Job mit mehreren Threads ausgeführt werden.
                                       Technische Beschreibung . . . . . . . :  Befehle, die für Threads nicht
                                       sicher ausgeführt werden können, sollten nicht in einem Job mit mehreren
                                       Threads benutzt werden. Mit dem Befehl DSPCMD (Befehl anzeigen) feststellen,
                                       ob ein Befehl sicher für Threads ausgeführt werden kann und welche Aktion
                                       vom Befehlsanalyseprogramm ausgeführt wird, wenn der Befehl für Threads
                                       nicht sicher ist. Wurde für die auszuführende Aktion *SYSVAL angegeben, wird
                                       die vom Befehlsanalyseprogramm durchzuführende Aktion anhand des Systemwerts
                                       QMLTTHDACN festgelegt.
CPD000D    Information             30   06/10/23  10:52:10.740198  QCATRS       QSYS        045F     QC2SYS      QSYS        *STMT
                                     Von Benutzer  . . . . . . . :   PROUZAT1
                                     Zielmodul . . . . . . . . . :   QC2SYS
                                     Zielprozedur  . . . . . . . :   system
                                     Anweisung . . . . . . . . . :   13
                                     Nachricht . . . :   Befehl QSYS/CPYSPLF nicht sicher für Job mit mehreren
                                       Threads.
                                     Ursache  . . . . :  Der aktuelle Job enthält mehrere Threads. Der Befehl
                                       QSYS/CPYSPLF kann nicht sicher in einem Job mit mehreren Threads ausgeführt
                                       werden. Aktion 2 wird ausgeführt. Aktionen: 2 -- Die Verarbeitung des
                                       Befehls wird fortgesetzt. 3 -- Diese Nachricht folgt auf Abbruchnachricht
                                       CPF0001. Die Befehlsverarbeitung wird beendet. Fehlerbeseitigung:  Der
                                       Befehl darf nicht in einem Job mit mehreren Threads ausgeführt werden.
                                       Technische Beschreibung . . . . . . . :  Befehle, die für Threads nicht
                                       sicher ausgeführt werden können, sollten nicht in einem Job mit mehreren
                                       Threads benutzt werden. Mit dem Befehl DSPCMD (Befehl anzeigen) feststellen,
                                       ob ein Befehl sicher für Threads ausgeführt werden kann und welche Aktion
                                       vom Befehlsanalyseprogramm ausgeführt wird, wenn der Befehl für Threads
                                       nicht sicher ist. Wurde für die auszuführende Aktion *SYSVAL angegeben, wird
                                       die vom Befehlsanalyseprogramm durchzuführende Aktion anhand des Systemwerts
                                       QMLTTHDACN festgelegt.
CPF3485    Beendigung              00   06/10/23  10:52:10.795709  QSPCPYF      QSYS        076B     QC2SYS      QSYS        *STMT
                                     Von Benutzer  . . . . . . . :   PROUZAT1
                                     Zielmodul . . . . . . . . . :   QC2SYS
 5770SS1 V7R5M0 220415                        Jobprotokoll anzeigen                SPGV74    06/10/23  10:52:10 CEST    Seite    6
  Jobname  . . . . . . . . . . :   QP0ZSPWP        Benutzer  . . . . :   QSECOFR      Nummer . . . . . . . . . . . :   531181
  Jobbeschreibung  . . . . . . :   QDFTSVR         Bibliothek  . . . :   QGPL
NACHR-ID   ART                     BEW  DATUM     ZEIT             VON PGM      BIBLIOTHEK  INST     AN PGM      BIBLIOTHEK  INST
                                     Zielprozedur  . . . . . . . :   system
                                     Anweisung . . . . . . . . . :   13
                                     Nachricht . . . :   981 Sätze in Datei QP2CMD in QTEMP kopiert.
                                     Ursache . . . . :  981 Datensätze wurden von der Spool-Datei LOGGER Nummer
                                       2542 Job 980677/PROUZAT1/QPRTJOB erstellt auf System SPGV74 am 06/10/23
                                       10:52:10 in die physische Datei QP2CMD in QTEMP Teildatei QP2CMD kopiert.
CPD000D    Information             30   06/10/23  10:52:10.806923  QCATRS       QSYS        045F     QC2SYS      QSYS        *STMT
                                     Von Benutzer  . . . . . . . :   PROUZAT1
                                     Zielmodul . . . . . . . . . :   QC2SYS
                                     Zielprozedur  . . . . . . . :   system
                                     Anweisung . . . . . . . . . :   13
                                     Nachricht . . . :   Befehl *LIBL/DLTSPLF nicht sicher für Job mit mehreren
                                       Threads.
                                     Ursache  . . . . :  Der aktuelle Job enthält mehrere Threads. Der Befehl
                                       *LIBL/DLTSPLF kann nicht sicher in einem Job mit mehreren Threads ausgeführt
                                       werden. Aktion 2 wird ausgeführt. Aktionen: 2 -- Die Verarbeitung des
                                       Befehls wird fortgesetzt. 3 -- Diese Nachricht folgt auf Abbruchnachricht
                                       CPF0001. Die Befehlsverarbeitung wird beendet. Fehlerbeseitigung:  Der
                                       Befehl darf nicht in einem Job mit mehreren Threads ausgeführt werden.
                                       Technische Beschreibung . . . . . . . :  Befehle, die für Threads nicht
                                       sicher ausgeführt werden können, sollten nicht in einem Job mit mehreren
                                       Threads benutzt werden. Mit dem Befehl DSPCMD (Befehl anzeigen) feststellen,
                                       ob ein Befehl sicher für Threads ausgeführt werden kann und welche Aktion
                                       vom Befehlsanalyseprogramm ausgeführt wird, wenn der Befehl für Threads
                                       nicht sicher ist. Wurde für die auszuführende Aktion *SYSVAL angegeben, wird
                                       die vom Befehlsanalyseprogramm durchzuführende Aktion anhand des Systemwerts
                                       QMLTTHDACN festgelegt.
CPC2191    Beendigung              00   06/10/23  10:52:10.825931  QLIDLOBJ     QSYS        0743     QC2SYS      QSYS        *STMT
                                     Von Benutzer  . . . . . . . :   PROUZAT1
                                     Zielmodul . . . . . . . . . :   QC2SYS
                                     Zielprozedur  . . . . . . . :   system
                                     Anweisung . . . . . . . . . :   13
                                     Nachricht . . . :   Objekt QP2CMD in QTEMP Art *FILE wurde gelöscht.
CPD000D    Information             30   06/10/23  10:52:10.832784  QCATRS       QSYS        045F     QP2USER2    QSYS        *STMT
                                     Von Benutzer  . . . . . . . :   PROUZAT1
                                     Zielmodul . . . . . . . . . :   QP2CL
                                     Zielprozedur  . . . . . . . :   __Qp2RunCL
                                     Anweisung . . . . . . . . . :   93
                                     Nachricht . . . :   Befehl *LIBL/DSPJOBLOG nicht sicher für Job mit mehreren
                                       Threads.
                                     Ursache  . . . . :  Der aktuelle Job enthält mehrere Threads. Der Befehl
                                       *LIBL/DSPJOBLOG kann nicht sicher in einem Job mit mehreren Threads
                                       ausgeführt werden. Aktion 2 wird ausgeführt. Aktionen: 2 -- Die Verarbeitung
                                       des Befehls wird fortgesetzt. 3 -- Diese Nachricht folgt auf
                                       Abbruchnachricht CPF0001. Die Befehlsverarbeitung wird beendet.
                                       Fehlerbeseitigung:  Der Befehl darf nicht in einem Job mit mehreren Threads
                                       ausgeführt werden. Technische Beschreibung . . . . . . . :  Befehle, die für
                                       Threads nicht sicher ausgeführt werden können, sollten nicht in einem Job
                                       mit mehreren Threads benutzt werden. Mit dem Befehl DSPCMD (Befehl anzeigen)
                                       feststellen, ob ein Befehl sicher für Threads ausgeführt werden kann und
                                       welche Aktion vom Befehlsanalyseprogramm ausgeführt wird, wenn der Befehl
                                       für Threads nicht sicher ist. Wurde für die auszuführende Aktion *SYSVAL
                                       angegeben, wird die vom Befehlsanalyseprogramm durchzuführende Aktion anhand
                                       des Systemwerts QMLTTHDACN festgelegt.
Command is > DSPJOBLOG <
CPD000D: Befehl *LIBL/DSPJOBLOG nicht sicher für Job mit mehreren Threads.
 5770SS1 V7R5M0 220415                        Jobprotokoll anzeigen                SPGV74    06/10/23  10:52:11 CEST    Seite    1
  Jobname  . . . . . . . . . . :   QP0ZSPWP        Benutzer  . . . . :   QSECOFR      Nummer . . . . . . . . . . . :   531184
  Jobbeschreibung  . . . . . . :   QDFTSVR         Bibliothek  . . . :   QGPL
NACHR-ID   ART                     BEW  DATUM     ZEIT             VON PGM      BIBLIOTHEK  INST     AN PGM      BIBLIOTHEK  INST
CPC2196    Beendigung              00   06/10/23  10:52:11.038703  QLICUSRL     QSYS        0114     QP2USER2    QSYS        *STMT
                                     Von Benutzer  . . . . . . . :   PROUZAT1
                                     Zielmodul . . . . . . . . . :   QP2API
                                     Zielprozedur  . . . . . . . :   runpase_common__FiPvT2
                                     Anweisung . . . . . . . . . :   4
                                     Nachricht . . . :   Bibliothek PROUZAT1 der Bibliotheksliste hinzugefügt.
                                     Ursache  . . . . :  Wenn der Befehl ADDLIBLE benutzt wurde, wurde PROUZAT1 der
                                       Benutzerbibliotheksliste hinzugefügt. Wenn der Befehl CHGSYSLIBL benutzt
                                       wurde, wurde PROUZAT1 dem Systemteil der Bibliotheksliste hinzugefügt.
CPF2103    Diagnose                40   06/10/23  10:52:11.039150  QLICUSRL     QSYS        01A3     QP2USER2    QSYS        *STMT
                                     Von Benutzer  . . . . . . . :   PROUZAT1
                                     Zielmodul . . . . . . . . . :   QP2API
                                     Zielprozedur  . . . . . . . :   runpase_common__FiPvT2
                                     Anweisung . . . . . . . . . :   4
                                     Nachricht . . . :   Bibliothek PROUZAT1 in Bibliotheksliste bereits vorhanden.
                                     Ursache  . . . . :  Die Bibliothek PROUZAT1 ist in der Bibliothekssuchliste
                                       bereits vorhanden. Die Bibliothek wurde nicht hinzugefügt.
                                       Fehlerbeseitigung:  Wenn PROUZAT1 die angegebene Bibliothek ist, den Befehl
                                       auslassen. Wurde Bibliothek PROUZAT1 nicht angegeben, dann den
                                       Bibliotheksnamen (Parameter LIB) ändern. Anschließend den Befehl
                                       wiederholen.
CPD000D    Information             30   06/10/23  10:52:11.040137  QCATRS       QSYS        045F     QP2USER2    QSYS        *STMT
                                     Von Benutzer  . . . . . . . :   PROUZAT1
                                     Zielmodul . . . . . . . . . :   QP2API
                                     Zielprozedur  . . . . . . . :   runpase_common__FiPvT2
                                     Anweisung . . . . . . . . . :   4
                                     Nachricht . . . :   Befehl *LIBL/RMVBNDDIRE nicht sicher für Job mit mehreren
                                       Threads.
                                     Ursache  . . . . :  Der aktuelle Job enthält mehrere Threads. Der Befehl
                                       *LIBL/RMVBNDDIRE kann nicht sicher in einem Job mit mehreren Threads
                                       ausgeführt werden. Aktion 2 wird ausgeführt. Aktionen: 2 -- Die Verarbeitung
                                       des Befehls wird fortgesetzt. 3 -- Diese Nachricht folgt auf
                                       Abbruchnachricht CPF0001. Die Befehlsverarbeitung wird beendet.
                                       Fehlerbeseitigung:  Der Befehl darf nicht in einem Job mit mehreren Threads
                                       ausgeführt werden. Technische Beschreibung . . . . . . . :  Befehle, die für
                                       Threads nicht sicher ausgeführt werden können, sollten nicht in einem Job
                                       mit mehreren Threads benutzt werden. Mit dem Befehl DSPCMD (Befehl anzeigen)
                                       feststellen, ob ein Befehl sicher für Threads ausgeführt werden kann und
                                       welche Aktion vom Befehlsanalyseprogramm ausgeführt wird, wenn der Befehl
                                       für Threads nicht sicher ist. Wurde für die auszuführende Aktion *SYSVAL
                                       angegeben, wird die vom Befehlsanalyseprogramm durchzuführende Aktion anhand
                                       des Systemwerts QMLTTHDACN festgelegt.
CPD5D1B    Diagnose                10   06/10/23  10:52:11.040597  QBNRMVBD     QSYS        02CB     QBNRMVBD    QSYS        02CB
                                     Von Benutzer  . . . . . . . :   PROUZAT1
                                     Nachricht . . . :   Objekt *LIBL/LOGGER der Art *SRVPGM aus dem
                                       Binderverzeichnis PROUZADIR in Bibliothek PROUZAT1 entfernt.
                                     Ursache  . . . . :  Der Binderverzeichniseintrag *LIBL/LOGGER der Art *SRVPGM
                                       wurde aus dem Binderverzeichnis PROUZADIR in Bibliothek PROUZAT1 entfernt.
CPC5D09    Beendigung              00   06/10/23  10:52:11.041327  QBNRMVBD     QSYS        02CB     QP2USER2    QSYS        *STMT
                                     Von Benutzer  . . . . . . . :   PROUZAT1
                                     Zielmodul . . . . . . . . . :   QP2API
                                     Zielprozedur  . . . . . . . :   runpase_common__FiPvT2
                                     Anweisung . . . . . . . . . :   4
                                     Nachricht . . . :   1 Einträge entfernt, 0 Einträge nicht aus
                                       Binderverzeichnis PROUZADIR in Bibliothek PROUZAT1 entfernt.
                                     Ursache  . . . . :  1 Einträge wurden entfernt, und 0 Einträge wurden nicht
                                       aus dem Binderverzeichnis PROUZADIR in Bibliothek PROUZAT1 entfernt.
                                       Fehlerbeseitigung:  1 Binderverzeichniseinträge wurden erfolgreich entfernt.
 5770SS1 V7R5M0 220415                        Jobprotokoll anzeigen                SPGV74    06/10/23  10:52:11 CEST    Seite    2
  Jobname  . . . . . . . . . . :   QP0ZSPWP        Benutzer  . . . . :   QSECOFR      Nummer . . . . . . . . . . . :   531184
  Jobbeschreibung  . . . . . . :   QDFTSVR         Bibliothek  . . . :   QGPL
NACHR-ID   ART                     BEW  DATUM     ZEIT             VON PGM      BIBLIOTHEK  INST     AN PGM      BIBLIOTHEK  INST
                                       0 Binderverzeichniseinträge wurden nicht entfernt. Anhand der zuvor
                                       aufgelisteten Nachrichten feststellen, weshalb die Einträge nicht entfernt
                                       wurden.
CPD000D    Information             30   06/10/23  10:52:11.050019  QCATRS       QSYS        045F     QP2USER2    QSYS        *STMT
                                     Von Benutzer  . . . . . . . :   PROUZAT1
                                     Zielmodul . . . . . . . . . :   QP2CL
                                     Zielprozedur  . . . . . . . :   __Qp2RunCL
                                     Anweisung . . . . . . . . . :   93
                                     Nachricht . . . :   Befehl *LIBL/DSPJOBLOG nicht sicher für Job mit mehreren
                                       Threads.
                                     Ursache  . . . . :  Der aktuelle Job enthält mehrere Threads. Der Befehl
                                       *LIBL/DSPJOBLOG kann nicht sicher in einem Job mit mehreren Threads
                                       ausgeführt werden. Aktion 2 wird ausgeführt. Aktionen: 2 -- Die Verarbeitung
                                       des Befehls wird fortgesetzt. 3 -- Diese Nachricht folgt auf
                                       Abbruchnachricht CPF0001. Die Befehlsverarbeitung wird beendet.
                                       Fehlerbeseitigung:  Der Befehl darf nicht in einem Job mit mehreren Threads
                                       ausgeführt werden. Technische Beschreibung . . . . . . . :  Befehle, die für
                                       Threads nicht sicher ausgeführt werden können, sollten nicht in einem Job
                                       mit mehreren Threads benutzt werden. Mit dem Befehl DSPCMD (Befehl anzeigen)
                                       feststellen, ob ein Befehl sicher für Threads ausgeführt werden kann und
                                       welche Aktion vom Befehlsanalyseprogramm ausgeführt wird, wenn der Befehl
                                       für Threads nicht sicher ist. Wurde für die auszuführende Aktion *SYSVAL
                                       angegeben, wird die vom Befehlsanalyseprogramm durchzuführende Aktion anhand
                                       des Systemwerts QMLTTHDACN festgelegt.
Command is > DSPJOBLOG <
CPD000D: Befehl *LIBL/DSPJOBLOG nicht sicher für Job mit mehreren Threads.
 5770SS1 V7R5M0 220415                        Jobprotokoll anzeigen                SPGV74    06/10/23  10:52:11 CEST    Seite    1
  Jobname  . . . . . . . . . . :   QP0ZSPWP        Benutzer  . . . . :   QSECOFR      Nummer . . . . . . . . . . . :   531185
  Jobbeschreibung  . . . . . . :   QDFTSVR         Bibliothek  . . . :   QGPL
NACHR-ID   ART                     BEW  DATUM     ZEIT             VON PGM      BIBLIOTHEK  INST     AN PGM      BIBLIOTHEK  INST
CPC2196    Beendigung              00   06/10/23  10:52:11.139199  QLICUSRL     QSYS        0114     QP2USER2    QSYS        *STMT
                                     Von Benutzer  . . . . . . . :   PROUZAT1
                                     Zielmodul . . . . . . . . . :   QP2API
                                     Zielprozedur  . . . . . . . :   runpase_common__FiPvT2
                                     Anweisung . . . . . . . . . :   4
                                     Nachricht . . . :   Bibliothek PROUZAT1 der Bibliotheksliste hinzugefügt.
                                     Ursache  . . . . :  Wenn der Befehl ADDLIBLE benutzt wurde, wurde PROUZAT1 der
                                       Benutzerbibliotheksliste hinzugefügt. Wenn der Befehl CHGSYSLIBL benutzt
                                       wurde, wurde PROUZAT1 dem Systemteil der Bibliotheksliste hinzugefügt.
CPF2103    Diagnose                40   06/10/23  10:52:11.139634  QLICUSRL     QSYS        01A3     QP2USER2    QSYS        *STMT
                                     Von Benutzer  . . . . . . . :   PROUZAT1
                                     Zielmodul . . . . . . . . . :   QP2API
                                     Zielprozedur  . . . . . . . :   runpase_common__FiPvT2
                                     Anweisung . . . . . . . . . :   4
                                     Nachricht . . . :   Bibliothek PROUZAT1 in Bibliotheksliste bereits vorhanden.
                                     Ursache  . . . . :  Die Bibliothek PROUZAT1 ist in der Bibliothekssuchliste
                                       bereits vorhanden. Die Bibliothek wurde nicht hinzugefügt.
                                       Fehlerbeseitigung:  Wenn PROUZAT1 die angegebene Bibliothek ist, den Befehl
                                       auslassen. Wurde Bibliothek PROUZAT1 nicht angegeben, dann den
                                       Bibliotheksnamen (Parameter LIB) ändern. Anschließend den Befehl
                                       wiederholen.
CPD000D    Information             30   06/10/23  10:52:11.140673  QCATRS       QSYS        045F     QP2USER2    QSYS        *STMT
                                     Von Benutzer  . . . . . . . :   PROUZAT1
                                     Zielmodul . . . . . . . . . :   QP2API
                                     Zielprozedur  . . . . . . . :   runpase_common__FiPvT2
                                     Anweisung . . . . . . . . . :   4
                                     Nachricht . . . :   Befehl *LIBL/CRTSRVPGM nicht sicher für Job mit mehreren
                                       Threads.
                                     Ursache  . . . . :  Der aktuelle Job enthält mehrere Threads. Der Befehl
                                       *LIBL/CRTSRVPGM kann nicht sicher in einem Job mit mehreren Threads
                                       ausgeführt werden. Aktion 2 wird ausgeführt. Aktionen: 2 -- Die Verarbeitung
                                       des Befehls wird fortgesetzt. 3 -- Diese Nachricht folgt auf
                                       Abbruchnachricht CPF0001. Die Befehlsverarbeitung wird beendet.
                                       Fehlerbeseitigung:  Der Befehl darf nicht in einem Job mit mehreren Threads
                                       ausgeführt werden. Technische Beschreibung . . . . . . . :  Befehle, die für
                                       Threads nicht sicher ausgeführt werden können, sollten nicht in einem Job
                                       mit mehreren Threads benutzt werden. Mit dem Befehl DSPCMD (Befehl anzeigen)
                                       feststellen, ob ein Befehl sicher für Threads ausgeführt werden kann und
                                       welche Aktion vom Befehlsanalyseprogramm ausgeführt wird, wenn der Befehl
                                       für Threads nicht sicher ist. Wurde für die auszuführende Aktion *SYSVAL
                                       angegeben, wird die vom Befehlsanalyseprogramm durchzuführende Aktion anhand
                                       des Systemwerts QMLTTHDACN festgelegt.
CPD5D1D    Diagnose                20   06/10/23  10:52:11.142628  QBNBIND      QSYS        *STMT    QBNBIND     QSYS        *STMT
                                     Von Benutzer  . . . . . . . :   PROUZAT1
                                     Ausgangsmodul . . . . . . . :   QBNBNDIR
                                     Ausgangsprozedur  . . . . . :   QBNBNDIR__ProcessBindingDirectory__handleObjec
                                       t__resolveObjectInBndDir__objectNotFound
                                     Anweisung . . . . . . . . . :   36
                                     Zielmodul . . . . . . . . . :   QBNBNDIR
                                     Zielprozedur  . . . . . . . :   QBNBNDIR__ProcessBindingDirectory__handleObjec
                                       t__resolveObjectInBndDir
                                     Anweisung . . . . . . . . . :   5
                                     Nachricht . . . :   Objekt GETTEXT der Art *SRVPGM in Bibliothek *LIBL nicht
                                       gefunden.
                                     Ursache  . . . . :  Objekt GETTEXT der Art *SRVPGM in Bibliothek *LIBL wurde
                                       im Binderverzeichnis PROUZADIR in Bibliothek PROUZAT1 angegeben; es wurde
                                       jedoch nicht zum Binden gefunden. Fehlerbeseitigung:  Den
                                       Anwendungslieferanten oder den Kundendienst benachrichtigen.
 5770SS1 V7R5M0 220415                        Jobprotokoll anzeigen                SPGV74    06/10/23  10:52:11 CEST    Seite    2
  Jobname  . . . . . . . . . . :   QP0ZSPWP        Benutzer  . . . . :   QSECOFR      Nummer . . . . . . . . . . . :   531185
  Jobbeschreibung  . . . . . . :   QDFTSVR         Bibliothek  . . . :   QGPL
NACHR-ID   ART                     BEW  DATUM     ZEIT             VON PGM      BIBLIOTHEK  INST     AN PGM      BIBLIOTHEK  INST
CPD5D1D    Diagnose                20   06/10/23  10:52:11.142718  QBNBIND      QSYS        *STMT    QBNBIND     QSYS        *STMT
                                     Von Benutzer  . . . . . . . :   PROUZAT1
                                     Ausgangsmodul . . . . . . . :   QBNBNDIR
                                     Ausgangsprozedur  . . . . . :   QBNBNDIR__ProcessBindingDirectory__handleObjec
                                       t__resolveObjectInBndDir__objectNotFound
                                     Anweisung . . . . . . . . . :   36
                                     Zielmodul . . . . . . . . . :   QBNBNDIR
                                     Zielprozedur  . . . . . . . :   QBNBNDIR__ProcessBindingDirectory__handleObjec
                                       t__resolveObjectInBndDir
                                     Anweisung . . . . . . . . . :   5
                                     Nachricht . . . :   Objekt SQLSRV1 der Art *SRVPGM in Bibliothek *LIBL nicht
                                       gefunden.
                                     Ursache  . . . . :  Objekt SQLSRV1 der Art *SRVPGM in Bibliothek *LIBL wurde
                                       im Binderverzeichnis PROUZADIR in Bibliothek PROUZAT1 angegeben; es wurde
                                       jedoch nicht zum Binden gefunden. Fehlerbeseitigung:  Den
                                       Anwendungslieferanten oder den Kundendienst benachrichtigen.
CPD5D1D    Diagnose                20   06/10/23  10:52:11.142769  QBNBIND      QSYS        *STMT    QBNBIND     QSYS        *STMT
                                     Von Benutzer  . . . . . . . :   PROUZAT1
                                     Ausgangsmodul . . . . . . . :   QBNBNDIR
                                     Ausgangsprozedur  . . . . . :   QBNBNDIR__ProcessBindingDirectory__handleObjec
                                       t__resolveObjectInBndDir__objectNotFound
                                     Anweisung . . . . . . . . . :   36
                                     Zielmodul . . . . . . . . . :   QBNBNDIR
                                     Zielprozedur  . . . . . . . :   QBNBNDIR__ProcessBindingDirectory__handleObjec
                                       t__resolveObjectInBndDir
                                     Anweisung . . . . . . . . . :   5
                                     Nachricht . . . :   Objekt SQLTEST3 der Art *SRVPGM in Bibliothek *LIBL nicht
                                       gefunden.
                                     Ursache  . . . . :  Objekt SQLTEST3 der Art *SRVPGM in Bibliothek *LIBL wurde
                                       im Binderverzeichnis PROUZADIR in Bibliothek PROUZAT1 angegeben; es wurde
                                       jedoch nicht zum Binden gefunden. Fehlerbeseitigung:  Den
                                       Anwendungslieferanten oder den Kundendienst benachrichtigen.
CPF5D04    Diagnose                30   06/10/23  10:52:11.159624  QBNBIND      QSYS        *STMT    QBNBIND     QSYS        *STMT
                                     Von Benutzer  . . . . . . . :   PROUZAT1
                                     Ausgangsmodul . . . . . . . :   QBNBSYMR
                                     Ausgangsprozedur  . . . . . :   QBNBSYMR__SignalNotAuthMsgs
                                     Anweisung . . . . . . . . . :   30
                                     Zielmodul . . . . . . . . . :   QBNBSYMR
                                     Zielprozedur  . . . . . . . :   QBNBSYMR__ResolveSymbols
                                     Anweisung . . . . . . . . . :   62
                                     Nachricht . . . :   Keine Berechtigung für Serviceprogramm QPMLPMGT in
                                       Bibliothek QSYS.
                                     Ursache  . . . . :  Der Benutzer ist für Serviceprogramm QPMLPMGT in
                                       Bibliothek QSYS nicht berechtigt. Fehlerbeseitigung:  Entweder den
                                       Sicherheitsbeauftragten oder den Eigner des Serviceprogramms QPMLPMGT
                                       veranlassen, dem Benutzer die Berechtigung für das Objekt zu erteilen.
CPI2119    Information             00   06/10/23  10:52:11.199076  QLIINSRT     QSYS        0A1D     QBNINSOB    QSYS        024C
                                     Von Benutzer  . . . . . . . :   PROUZAT1
                                     Nachricht . . . :   Parameterwerte für AUT und USRPRF wurden ignoriert.
                                     Ursache  . . . . :  Die Parameterwerte für AUT und USRPRF wurden ignoriert, da
                                       REPLACE(*YES) angegeben war. Daher wurde das vorhandene Objekt als
                                       Berechtigungsquelle verwendet. Alle persönlichen und allgemeinen
                                       Berechtigungen, das Attribut USRPRF und das Attribut USEADPAUT wurden aus
                                       dem vorhandenen Objekt in das neue Objekt LOGGER, Art *SRVPGM, in Bibliothek
                                       PROUZAT1 kopiert. Fehlerbeseitigung:  Die Objektberechtigung anzeigen
                                       (Befehl DSPOBJAUT), um festzustellen, ob die Berechtigung für Objekt LOGGER
                                       Art *SRVPGM in Bibliothek PROUZAT1 geändert werden muss. Gegebenenfalls die
                                       Objektberechtigung erteilen (Befehl GRTOBJAUT) oder die Objektberechtigung
 5770SS1 V7R5M0 220415                        Jobprotokoll anzeigen                SPGV74    06/10/23  10:52:11 CEST    Seite    3
  Jobname  . . . . . . . . . . :   QP0ZSPWP        Benutzer  . . . . :   QSECOFR      Nummer . . . . . . . . . . . :   531185
  Jobbeschreibung  . . . . . . :   QDFTSVR         Bibliothek  . . . :   QGPL
NACHR-ID   ART                     BEW  DATUM     ZEIT             VON PGM      BIBLIOTHEK  INST     AN PGM      BIBLIOTHEK  INST
                                       widerrufen (Befehl RVKOBJAUT), um die Berechtigung für Objekt LOGGER Art
                                       *SRVPGM in Bibliothek PROUZAT1 zu ändern.
CPI2121    Information             00   06/10/23  10:52:11.201303  QLIREINS     QSYS        02DD     QLIINSRT    QSYS        0789
                                     Von Benutzer  . . . . . . . :   PROUZAT1
                                     Nachricht . . . :   Ersetztes Objekt LOGGER Art *SRVPGM wurde in QRPLOBJ
                                       übertragen.
                                     Ursache  . . . . :  Das ersetzte Objekt LOGGER der Art *SRVPGM aus der
                                       Bibliothek PROUZAT1 wurde in QA82334795 umbenannt und in die Bibliothek
                                       QRPLOBJ übertragen. Fehlerbeseitigung:  Wenn das ersetzte Objekt benötigt
                                       wird, kann der Benutzer mit dem Befehl MOVOBJ (Objekt übertragen) das Objekt
                                       von der Bibliothek QRPLOBJ in eine andere Bibliothek übertragen. Der Inhalt
                                       der Bibliothek QRPLOBJ wird während des nächsten IPL des Systems gelöscht.
                                       Der Inhalt von Bibliothek QRPLxxxxx ("xxxxx" ist die Nummer eines primären
                                       Zusatzspeicherpools (ASP)) wird während des nächsten Anhängens (Aktivierung)
                                       der ASP-Einheit gelöscht.
CPC5D0B    Beendigung              00   06/10/23  10:52:11.202401  QBNBIND      QSYS        *STMT    QP2USER2    QSYS        *STMT
                                     Von Benutzer  . . . . . . . :   PROUZAT1
                                     Ausgangsmodul . . . . . . . :   QBNBIND
                                     Ausgangsprozedur  . . . . . :   QBNBIND__SendCompletionMessage
                                     Anweisung . . . . . . . . . :   7
                                     Zielmodul . . . . . . . . . :   QP2API
                                     Zielprozedur  . . . . . . . :   runpase_common__FiPvT2
                                     Anweisung . . . . . . . . . :   4
                                     Nachricht . . . :   Serviceprogramm LOGGER in Bibliothek PROUZAT1 erstellt.
                                     Ursache  . . . . :  Serviceprogramm LOGGER wurde in Bibliothek PROUZAT1
                                       erfolgreich erstellt. Fehlerbeseitigung:  Die Erstellung des
                                       Serviceprogramms war erfolgreich.
CPD000D    Information             30   06/10/23  10:52:11.210908  QCATRS       QSYS        045F     QP2USER2    QSYS        *STMT
                                     Von Benutzer  . . . . . . . :   PROUZAT1
                                     Zielmodul . . . . . . . . . :   QP2CL
                                     Zielprozedur  . . . . . . . :   __Qp2RunCL
                                     Anweisung . . . . . . . . . :   93
                                     Nachricht . . . :   Befehl *LIBL/DSPJOBLOG nicht sicher für Job mit mehreren
                                       Threads.
                                     Ursache  . . . . :  Der aktuelle Job enthält mehrere Threads. Der Befehl
                                       *LIBL/DSPJOBLOG kann nicht sicher in einem Job mit mehreren Threads
                                       ausgeführt werden. Aktion 2 wird ausgeführt. Aktionen: 2 -- Die Verarbeitung
                                       des Befehls wird fortgesetzt. 3 -- Diese Nachricht folgt auf
                                       Abbruchnachricht CPF0001. Die Befehlsverarbeitung wird beendet.
                                       Fehlerbeseitigung:  Der Befehl darf nicht in einem Job mit mehreren Threads
                                       ausgeführt werden. Technische Beschreibung . . . . . . . :  Befehle, die für
                                       Threads nicht sicher ausgeführt werden können, sollten nicht in einem Job
                                       mit mehreren Threads benutzt werden. Mit dem Befehl DSPCMD (Befehl anzeigen)
                                       feststellen, ob ein Befehl sicher für Threads ausgeführt werden kann und
                                       welche Aktion vom Befehlsanalyseprogramm ausgeführt wird, wenn der Befehl
                                       für Threads nicht sicher ist. Wurde für die auszuführende Aktion *SYSVAL
                                       angegeben, wird die vom Befehlsanalyseprogramm durchzuführende Aktion anhand
                                       des Systemwerts QMLTTHDACN festgelegt.
Command is > DSPJOBLOG <
CPD000D: Befehl *LIBL/DSPJOBLOG nicht sicher für Job mit mehreren Threads.
 5770SS1 V7R5M0 220415                        Jobprotokoll anzeigen                SPGV74    06/10/23  10:52:11 CEST    Seite    1
  Jobname  . . . . . . . . . . :   QP0ZSPWP        Benutzer  . . . . :   QSECOFR      Nummer . . . . . . . . . . . :   531186
  Jobbeschreibung  . . . . . . :   QDFTSVR         Bibliothek  . . . :   QGPL
NACHR-ID   ART                     BEW  DATUM     ZEIT             VON PGM      BIBLIOTHEK  INST     AN PGM      BIBLIOTHEK  INST
CPC2196    Beendigung              00   06/10/23  10:52:11.311671  QLICUSRL     QSYS        0114     QP2USER2    QSYS        *STMT
                                     Von Benutzer  . . . . . . . :   PROUZAT1
                                     Zielmodul . . . . . . . . . :   QP2API
                                     Zielprozedur  . . . . . . . :   runpase_common__FiPvT2
                                     Anweisung . . . . . . . . . :   4
                                     Nachricht . . . :   Bibliothek PROUZAT1 der Bibliotheksliste hinzugefügt.
                                     Ursache  . . . . :  Wenn der Befehl ADDLIBLE benutzt wurde, wurde PROUZAT1 der
                                       Benutzerbibliotheksliste hinzugefügt. Wenn der Befehl CHGSYSLIBL benutzt
                                       wurde, wurde PROUZAT1 dem Systemteil der Bibliotheksliste hinzugefügt.
CPF2103    Diagnose                40   06/10/23  10:52:11.312122  QLICUSRL     QSYS        01A3     QP2USER2    QSYS        *STMT
                                     Von Benutzer  . . . . . . . :   PROUZAT1
                                     Zielmodul . . . . . . . . . :   QP2API
                                     Zielprozedur  . . . . . . . :   runpase_common__FiPvT2
                                     Anweisung . . . . . . . . . :   4
                                     Nachricht . . . :   Bibliothek PROUZAT1 in Bibliotheksliste bereits vorhanden.
                                     Ursache  . . . . :  Die Bibliothek PROUZAT1 ist in der Bibliothekssuchliste
                                       bereits vorhanden. Die Bibliothek wurde nicht hinzugefügt.
                                       Fehlerbeseitigung:  Wenn PROUZAT1 die angegebene Bibliothek ist, den Befehl
                                       auslassen. Wurde Bibliothek PROUZAT1 nicht angegeben, dann den
                                       Bibliotheksnamen (Parameter LIB) ändern. Anschließend den Befehl
                                       wiederholen.
CPD000D    Information             30   06/10/23  10:52:11.313084  QCATRS       QSYS        045F     QP2USER2    QSYS        *STMT
                                     Von Benutzer  . . . . . . . :   PROUZAT1
                                     Zielmodul . . . . . . . . . :   QP2API
                                     Zielprozedur  . . . . . . . :   runpase_common__FiPvT2
                                     Anweisung . . . . . . . . . :   4
                                     Nachricht . . . :   Befehl *LIBL/ADDBNDDIRE nicht sicher für Job mit mehreren
                                       Threads.
                                     Ursache  . . . . :  Der aktuelle Job enthält mehrere Threads. Der Befehl
                                       *LIBL/ADDBNDDIRE kann nicht sicher in einem Job mit mehreren Threads
                                       ausgeführt werden. Aktion 2 wird ausgeführt. Aktionen: 2 -- Die Verarbeitung
                                       des Befehls wird fortgesetzt. 3 -- Diese Nachricht folgt auf
                                       Abbruchnachricht CPF0001. Die Befehlsverarbeitung wird beendet.
                                       Fehlerbeseitigung:  Der Befehl darf nicht in einem Job mit mehreren Threads
                                       ausgeführt werden. Technische Beschreibung . . . . . . . :  Befehle, die für
                                       Threads nicht sicher ausgeführt werden können, sollten nicht in einem Job
                                       mit mehreren Threads benutzt werden. Mit dem Befehl DSPCMD (Befehl anzeigen)
                                       feststellen, ob ein Befehl sicher für Threads ausgeführt werden kann und
                                       welche Aktion vom Befehlsanalyseprogramm ausgeführt wird, wenn der Befehl
                                       für Threads nicht sicher ist. Wurde für die auszuführende Aktion *SYSVAL
                                       angegeben, wird die vom Befehlsanalyseprogramm durchzuführende Aktion anhand
                                       des Systemwerts QMLTTHDACN festgelegt.
CPD5D0A    Diagnose                10   06/10/23  10:52:11.313777  QBNADDBD     QSYS        02F5     QBNADDBD    QSYS        02F5
                                     Von Benutzer  . . . . . . . :   PROUZAT1
                                     Nachricht . . . :   Objekt *LIBL/LOGGER der Art *SRVPGM dem Binderverzeichnis
                                       PROUZADIR in Bibliothek PROUZAT1 hinzugefügt.
                                     Ursache  . . . . :  Binderverzeichniseintrag *LIBL/LOGGER der Art *SRVPGM
                                       wurde dem Binderverzeichnis PROUZADIR in Bibliothek PROUZAT1 hinzugefügt.
CPC5D05    Beendigung              00   06/10/23  10:52:11.313786  QBNADDBD     QSYS        02F5     QP2USER2    QSYS        *STMT
                                     Von Benutzer  . . . . . . . :   PROUZAT1
                                     Zielmodul . . . . . . . . . :   QP2API
                                     Zielprozedur  . . . . . . . :   runpase_common__FiPvT2
                                     Anweisung . . . . . . . . . :   4
                                     Nachricht . . . :   1 Einträge hinzugefügt, 0 Einträge dem Binderverzeichnis
                                       PROUZADIR in Bibliothek PROUZAT1 nicht hinzugefügt.
                                     Ursache  . . . . :  1 Einträge wurden hinzugefügt, und 0 Einträge wurden dem
                                       Binderverzeichnis PROUZADIR in Bibliothek PROUZAT1 nicht hinzugefügt.
                                       Fehlerbeseitigung:  1 Binderverzeichniseinträge wurden erfolgreich
 5770SS1 V7R5M0 220415                        Jobprotokoll anzeigen                SPGV74    06/10/23  10:52:11 CEST    Seite    2
  Jobname  . . . . . . . . . . :   QP0ZSPWP        Benutzer  . . . . :   QSECOFR      Nummer . . . . . . . . . . . :   531186
  Jobbeschreibung  . . . . . . :   QDFTSVR         Bibliothek  . . . :   QGPL
NACHR-ID   ART                     BEW  DATUM     ZEIT             VON PGM      BIBLIOTHEK  INST     AN PGM      BIBLIOTHEK  INST
                                       hinzugefügt. 0 Binderverzeichniseinträge wurden nicht hinzugefügt. Anhand
                                       der zuvor aufgelisteten Nachrichten feststellen, weshalb die Einträge nicht
                                       hinzugefügt wurden.
CPD000D    Information             30   06/10/23  10:52:11.322056  QCATRS       QSYS        045F     QP2USER2    QSYS        *STMT
                                     Von Benutzer  . . . . . . . :   PROUZAT1
                                     Zielmodul . . . . . . . . . :   QP2CL
                                     Zielprozedur  . . . . . . . :   __Qp2RunCL
                                     Anweisung . . . . . . . . . :   93
                                     Nachricht . . . :   Befehl *LIBL/DSPJOBLOG nicht sicher für Job mit mehreren
                                       Threads.
                                     Ursache  . . . . :  Der aktuelle Job enthält mehrere Threads. Der Befehl
                                       *LIBL/DSPJOBLOG kann nicht sicher in einem Job mit mehreren Threads
                                       ausgeführt werden. Aktion 2 wird ausgeführt. Aktionen: 2 -- Die Verarbeitung
                                       des Befehls wird fortgesetzt. 3 -- Diese Nachricht folgt auf
                                       Abbruchnachricht CPF0001. Die Befehlsverarbeitung wird beendet.
                                       Fehlerbeseitigung:  Der Befehl darf nicht in einem Job mit mehreren Threads
                                       ausgeführt werden. Technische Beschreibung . . . . . . . :  Befehle, die für
                                       Threads nicht sicher ausgeführt werden können, sollten nicht in einem Job
                                       mit mehreren Threads benutzt werden. Mit dem Befehl DSPCMD (Befehl anzeigen)
                                       feststellen, ob ein Befehl sicher für Threads ausgeführt werden kann und
                                       welche Aktion vom Befehlsanalyseprogramm ausgeführt wird, wenn der Befehl
                                       für Threads nicht sicher ist. Wurde für die auszuführende Aktion *SYSVAL
                                       angegeben, wird die vom Befehlsanalyseprogramm durchzuführende Aktion anhand
                                       des Systemwerts QMLTTHDACN festgelegt.
